#
# There is insufficient memory for the Java Runtime Environment to continue.
# Native memory allocation (malloc) failed to allocate 1268976 bytes for Chunk::new
# Possible reasons:
#   The system is out of physical RAM or swap space
#   The process is running with CompressedOops enabled, and the Java Heap may be blocking the growth of the native heap
# Possible solutions:
#   Reduce memory load on the system
#   Increase physical memory or swap space
#   Check if swap backing store is full
#   Decrease Java heap size (-Xmx/-Xms)
#   Decrease number of Java threads
#   Decrease Java thread stack sizes (-Xss)
#   Set larger code cache with -XX:ReservedCodeCacheSize=
#   JVM is running with Unscaled Compressed Oops mode in which the Java heap is
#     placed in the first 4GB address space. The Java Heap base address is the
#     maximum limit for the native heap growth. Please use -XX:HeapBaseMinAddress
#     to set the Java Heap base and to place the Java Heap above 4GB virtual address.
# This output file may be truncated or incomplete.
#
#  Out of Memory Error (allocation.cpp:389), pid=15308, tid=0x00000000000006e8
#
# JRE version: OpenJDK Runtime Environment (8.0_242-b01) (build 1.8.0_242-release-1644-b01)
# Java VM: OpenJDK 64-Bit Server VM (25.242-b01 mixed mode windows-amd64 compressed oops)
# Failed to write core dump. Minidumps are not enabled by default on client versions of Windows
#

---------------  T H R E A D  ---------------

Current thread (0x0000000019d79800):  JavaThread "C2 CompilerThread2" daemon [_thread_in_native, id=1768, stack(0x000000001a840000,0x000000001a940000)]

Stack: [0x000000001a840000,0x000000001a940000]
[error occurred during error reporting (printing stack bounds), id 0xc0000005]

Native frames: (J=compiled Java code, j=interpreted, Vv=VM code, C=native code)


Current CompileTask:
C2:1654381 18224       4       org.gradle.api.internal.artifacts.ivyservice.resolveengine.graph.builder.NodeState::visitOutgoingDependencies (264 bytes)


---------------  P R O C E S S  ---------------

Java Threads: ( => current thread )
  0x00000000204a9000 JavaThread "WorkerExecutor Queue Thread 2" [_thread_blocked, id=14996, stack(0x000000002de80000,0x000000002df80000)]
  0x00000000204a8800 JavaThread "stdout" [_thread_in_native, id=12448, stack(0x000000002dd80000,0x000000002de80000)]
  0x00000000204a1000 JavaThread "stderr" [_thread_in_native, id=13760, stack(0x000000002dc80000,0x000000002dd80000)]
  0x00000000204a7800 JavaThread "pool-65-thread-1" [_thread_blocked, id=10880, stack(0x000000002db80000,0x000000002dc80000)]
  0x00000000204a0000 JavaThread "WorkerExecutor Queue" [_thread_blocked, id=8084, stack(0x000000002d480000,0x000000002d580000)]
  0x00000000204a7000 JavaThread "Cache worker for execution history cache (D:\InstagramApp\.gradle\6.5\executionHistory)" [_thread_blocked, id=12680, stack(0x000000002d180000,0x000000002d280000)]
  0x000000002049f800 JavaThread "Execution worker for ':' Thread 7" [_thread_blocked, id=3076, stack(0x000000002d080000,0x000000002d180000)]
  0x00000000204a6000 JavaThread "Execution worker for ':' Thread 6" [_thread_blocked, id=13652, stack(0x000000002cb80000,0x000000002cc80000)]
  0x000000002049e800 JavaThread "Execution worker for ':' Thread 5" [_thread_blocked, id=8564, stack(0x000000002ca80000,0x000000002cb80000)]
  0x00000000204a5800 JavaThread "Execution worker for ':' Thread 4" [_thread_blocked, id=10100, stack(0x000000002c980000,0x000000002ca80000)]
  0x000000002049e000 JavaThread "Execution worker for ':' Thread 3" [_thread_blocked, id=16840, stack(0x000000002c880000,0x000000002c980000)]
  0x00000000204a4000 JavaThread "Execution worker for ':' Thread 2" [_thread_blocked, id=11644, stack(0x000000002c780000,0x000000002c880000)]
  0x00000000204a2800 JavaThread "Execution worker for ':'" [_thread_blocked, id=15600, stack(0x000000002c680000,0x000000002c780000)]
  0x00000000204a1800 JavaThread "Cache worker for file content cache (D:\InstagramApp\.gradle\6.5\fileContent)" [_thread_blocked, id=13308, stack(0x000000002af90000,0x000000002b090000)]
  0x000000002049d000 JavaThread "pool-64-thread-1" [_thread_blocked, id=13492, stack(0x0000000028fb0000,0x00000000290b0000)]
  0x00000000204a3000 JavaThread "Cache worker for Build Output Cleanup Cache (D:\InstagramApp\.gradle\buildOutputCleanup)" [_thread_blocked, id=4320, stack(0x0000000028cb0000,0x0000000028db0000)]
  0x000000001b408000 JavaThread "Build operations Thread 8" [_thread_blocked, id=10316, stack(0x0000000022bb0000,0x0000000022cb0000)]
  0x000000001b406800 JavaThread "Build operations Thread 7" [_thread_blocked, id=13840, stack(0x0000000022ab0000,0x0000000022bb0000)]
  0x000000001b407000 JavaThread "Build operations Thread 6" [_thread_blocked, id=15524, stack(0x00000000229b0000,0x0000000022ab0000)]
  0x000000001b405800 JavaThread "Build operations Thread 5" [_thread_blocked, id=11576, stack(0x00000000228b0000,0x00000000229b0000)]
  0x000000001b403800 JavaThread "Build operations Thread 4" [_thread_blocked, id=8588, stack(0x00000000227b0000,0x00000000228b0000)]
  0x000000001b405000 JavaThread "Build operations Thread 3" [_thread_blocked, id=17044, stack(0x0000000021fb0000,0x00000000220b0000)]
  0x000000001b409800 JavaThread "Build operations Thread 2" [_thread_blocked, id=5148, stack(0x00000000217b0000,0x00000000218b0000)]
  0x000000001b404000 JavaThread "Build operations" [_thread_blocked, id=4104, stack(0x00000000216b0000,0x00000000217b0000)]
  0x000000001b3fc000 JavaThread "Cache worker for cache directory md-rule (C:\Users\Admin\.gradle\caches\6.5\md-rule)" [_thread_blocked, id=9760, stack(0x00000000215b0000,0x00000000216b0000)]
  0x000000001b402800 JavaThread "Cache worker for cache directory md-supplier (C:\Users\Admin\.gradle\caches\6.5\md-supplier)" [_thread_blocked, id=5180, stack(0x0000000020230000,0x0000000020330000)]
  0x000000001b3fb000 JavaThread "Cache worker for checksums cache (D:\InstagramApp\.gradle\checksums)" [_thread_blocked, id=12804, stack(0x000000001e860000,0x000000001e960000)]
  0x000000001b402000 JavaThread "Cache worker for file hash cache (D:\InstagramApp\.gradle\6.5\fileHashes)" [_thread_blocked, id=8836, stack(0x000000001e760000,0x000000001e860000)]
  0x000000001b3fc800 JavaThread "Thread-1598" [_thread_blocked, id=8044, stack(0x000000001e660000,0x000000001e760000)]
  0x000000001b401000 JavaThread "Stdin handler" [_thread_blocked, id=10404, stack(0x000000001e560000,0x000000001e660000)]
  0x000000001b400800 JavaThread "Asynchronous log dispatcher for DefaultDaemonConnection: socket connection from /127.0.0.1:51686 to /127.0.0.1:53290" [_thread_blocked, id=1508, stack(0x000000001e360000,0x000000001e460000)]
  0x000000001b3ff800 JavaThread "Cancel handler" [_thread_blocked, id=11260, stack(0x000000001e160000,0x000000001e260000)]
  0x000000001b3ff000 JavaThread "Handler for socket connection from /127.0.0.1:51686 to /127.0.0.1:53290" [_thread_in_native, id=1612, stack(0x000000001db20000,0x000000001dc20000)]
  0x000000002044a000 JavaThread "ForkJoinPool.commonPool-worker-2" daemon [_thread_blocked, id=10892, stack(0x000000002e280000,0x000000002e380000)]
  0x0000000020447800 JavaThread "ForkJoinPool.commonPool-worker-1" daemon [_thread_blocked, id=11720, stack(0x000000002e180000,0x000000002e280000)]
  0x00000000204a4800 JavaThread "ForkJoinPool.commonPool-worker-7" daemon [_thread_blocked, id=4668, stack(0x00000000303f0000,0x00000000304f0000)]
  0x000000002043f800 JavaThread "jar transforms Thread 920" [_thread_blocked, id=9784, stack(0x00000000289b0000,0x0000000028ab0000)]
  0x000000002043e800 JavaThread "jar transforms Thread 919" [_thread_blocked, id=5964, stack(0x00000000288b0000,0x00000000289b0000)]
  0x0000000020440000 JavaThread "jar transforms Thread 918" [_thread_blocked, id=4224, stack(0x00000000287b0000,0x00000000288b0000)]
  0x000000001b964000 JavaThread "jar transforms Thread 917" [_thread_blocked, id=11536, stack(0x00000000286b0000,0x00000000287b0000)]
  0x000000001b962800 JavaThread "jar transforms Thread 916" [_thread_blocked, id=4328, stack(0x00000000285b0000,0x00000000286b0000)]
  0x000000001b962000 JavaThread "jar transforms Thread 915" [_thread_blocked, id=15316, stack(0x00000000284b0000,0x00000000285b0000)]
  0x000000001b9be000 JavaThread "jar transforms Thread 914" [_thread_blocked, id=12592, stack(0x00000000283b0000,0x00000000284b0000)]
  0x000000001b9c1000 JavaThread "jar transforms Thread 913" [_thread_blocked, id=12984, stack(0x00000000282b0000,0x00000000283b0000)]
  0x000000001b9bf800 JavaThread "jar transforms Thread 912" [_thread_blocked, id=1820, stack(0x00000000281b0000,0x00000000282b0000)]
  0x000000001b9bf000 JavaThread "jar transforms Thread 911" [_thread_blocked, id=8284, stack(0x00000000280b0000,0x00000000281b0000)]
  0x000000001feea000 JavaThread "jar transforms Thread 910" [_thread_blocked, id=13740, stack(0x0000000027fb0000,0x00000000280b0000)]
  0x000000001feef800 JavaThread "jar transforms Thread 909" [_thread_blocked, id=12028, stack(0x0000000027eb0000,0x0000000027fb0000)]
  0x000000001fef0000 JavaThread "jar transforms Thread 908" [_thread_blocked, id=2780, stack(0x0000000027db0000,0x0000000027eb0000)]
  0x000000001feec800 JavaThread "jar transforms Thread 907" [_thread_blocked, id=10820, stack(0x0000000027cb0000,0x0000000027db0000)]
  0x000000001feee000 JavaThread "jar transforms Thread 906" [_thread_blocked, id=10768, stack(0x0000000027bb0000,0x0000000027cb0000)]
  0x000000001feed000 JavaThread "jar transforms Thread 905" [_thread_blocked, id=6180, stack(0x0000000027ab0000,0x0000000027bb0000)]
  0x000000001feeb000 JavaThread "jar transforms Thread 904" [_thread_blocked, id=4792, stack(0x00000000279b0000,0x0000000027ab0000)]
  0x000000002067f000 JavaThread "jar transforms Thread 903" [_thread_blocked, id=14216, stack(0x00000000278b0000,0x00000000279b0000)]
  0x000000002067d800 JavaThread "jar transforms Thread 902" [_thread_blocked, id=8616, stack(0x00000000277b0000,0x00000000278b0000)]
  0x000000002067c800 JavaThread "jar transforms Thread 901" [_thread_blocked, id=8428, stack(0x00000000276b0000,0x00000000277b0000)]
  0x000000002067c000 JavaThread "jar transforms Thread 900" [_thread_blocked, id=5084, stack(0x00000000275b0000,0x00000000276b0000)]
  0x000000002067b000 JavaThread "jar transforms Thread 899" [_thread_blocked, id=16140, stack(0x00000000274b0000,0x00000000275b0000)]
  0x0000000020680800 JavaThread "jar transforms Thread 898" [_thread_blocked, id=14812, stack(0x00000000273b0000,0x00000000274b0000)]
  0x000000002067a800 JavaThread "jar transforms Thread 897" [_thread_blocked, id=10424, stack(0x00000000272b0000,0x00000000273b0000)]
  0x0000000020672800 JavaThread "jar transforms Thread 896" [_thread_blocked, id=14004, stack(0x00000000271b0000,0x00000000272b0000)]
  0x0000000020673800 JavaThread "jar transforms Thread 895" [_thread_blocked, id=8056, stack(0x00000000270b0000,0x00000000271b0000)]
  0x0000000020679800 JavaThread "jar transforms Thread 894" [_thread_blocked, id=14152, stack(0x0000000026fb0000,0x00000000270b0000)]
  0x0000000020672000 JavaThread "jar transforms Thread 893" [_thread_blocked, id=14100, stack(0x0000000026eb0000,0x0000000026fb0000)]
  0x0000000020674000 JavaThread "jar transforms Thread 892" [_thread_blocked, id=10920, stack(0x0000000026db0000,0x0000000026eb0000)]
  0x0000000020677000 JavaThread "jar transforms Thread 891" [_thread_blocked, id=17192, stack(0x0000000026cb0000,0x0000000026db0000)]
  0x0000000020675800 JavaThread "jar transforms Thread 890" [_thread_blocked, id=11460, stack(0x0000000026bb0000,0x0000000026cb0000)]
  0x0000000020676800 JavaThread "jar transforms Thread 889" [_thread_blocked, id=12564, stack(0x0000000026ab0000,0x0000000026bb0000)]
  0x0000000020678800 JavaThread "jar transforms Thread 888" [_thread_blocked, id=8720, stack(0x00000000269b0000,0x0000000026ab0000)]
  0x0000000020671000 JavaThread "jar transforms Thread 887" [_thread_blocked, id=12868, stack(0x00000000268b0000,0x00000000269b0000)]
  0x0000000020675000 JavaThread "jar transforms Thread 886" [_thread_blocked, id=11912, stack(0x00000000267b0000,0x00000000268b0000)]
  0x000000002be76800 JavaThread "jar transforms Thread 885" [_thread_blocked, id=11704, stack(0x00000000266b0000,0x00000000267b0000)]
  0x000000002be73800 JavaThread "jar transforms Thread 884" [_thread_blocked, id=11732, stack(0x00000000265b0000,0x00000000266b0000)]
  0x000000002be7a000 JavaThread "jar transforms Thread 883" [_thread_blocked, id=9996, stack(0x00000000264b0000,0x00000000265b0000)]
  0x000000002be79800 JavaThread "jar transforms Thread 882" [_thread_blocked, id=17188, stack(0x00000000263b0000,0x00000000264b0000)]
  0x000000002be75000 JavaThread "jar transforms Thread 881" [_thread_blocked, id=13020, stack(0x00000000262b0000,0x00000000263b0000)]
  0x000000002be78000 JavaThread "jar transforms Thread 880" [_thread_blocked, id=2544, stack(0x00000000261b0000,0x00000000262b0000)]
  0x000000002be74000 JavaThread "jar transforms Thread 879" [_thread_blocked, id=7476, stack(0x00000000260b0000,0x00000000261b0000)]
  0x000000002be78800 JavaThread "jar transforms Thread 878" [_thread_blocked, id=10016, stack(0x0000000025fb0000,0x00000000260b0000)]
  0x000000002be77000 JavaThread "jar transforms Thread 877" [_thread_blocked, id=11168, stack(0x0000000025eb0000,0x0000000025fb0000)]
  0x000000002be75800 JavaThread "jar transforms Thread 876" [_thread_blocked, id=8204, stack(0x0000000025db0000,0x0000000025eb0000)]
  0x000000002be6c000 JavaThread "jar transforms Thread 875" [_thread_blocked, id=9388, stack(0x0000000025cb0000,0x0000000025db0000)]
  0x000000002be72800 JavaThread "jar transforms Thread 874" [_thread_blocked, id=3164, stack(0x0000000025bb0000,0x0000000025cb0000)]
  0x000000002be72000 JavaThread "jar transforms Thread 873" [_thread_blocked, id=14636, stack(0x0000000025ab0000,0x0000000025bb0000)]
  0x000000002be6c800 JavaThread "jar transforms Thread 872" [_thread_blocked, id=9348, stack(0x00000000259b0000,0x0000000025ab0000)]
  0x000000002be71000 JavaThread "jar transforms Thread 871" [_thread_blocked, id=16216, stack(0x00000000258b0000,0x00000000259b0000)]
  0x000000002be70800 JavaThread "jar transforms Thread 870" [_thread_blocked, id=10640, stack(0x00000000257b0000,0x00000000258b0000)]
  0x000000002be6f800 JavaThread "jar transforms Thread 869" [_thread_blocked, id=17248, stack(0x00000000256b0000,0x00000000257b0000)]
  0x000000002be6e000 JavaThread "jar transforms Thread 868" [_thread_blocked, id=16720, stack(0x00000000255b0000,0x00000000256b0000)]
  0x000000001c2ba800 JavaThread "jar transforms Thread 867" [_thread_blocked, id=492, stack(0x00000000254b0000,0x00000000255b0000)]
  0x000000001c2c1000 JavaThread "jar transforms Thread 866" [_thread_blocked, id=13776, stack(0x00000000253b0000,0x00000000254b0000)]
  0x000000001c2b9800 JavaThread "jar transforms Thread 865" [_thread_blocked, id=14364, stack(0x00000000252b0000,0x00000000253b0000)]
  0x000000001c2be000 JavaThread "jar transforms Thread 864" [_thread_blocked, id=12476, stack(0x00000000251b0000,0x00000000252b0000)]
  0x000000001c2bb000 JavaThread "jar transforms Thread 863" [_thread_blocked, id=15908, stack(0x00000000250b0000,0x00000000251b0000)]
  0x000000001c2bc000 JavaThread "jar transforms Thread 862" [_thread_blocked, id=16804, stack(0x0000000024fb0000,0x00000000250b0000)]
  0x000000001c2bd800 JavaThread "jar transforms Thread 861" [_thread_blocked, id=12440, stack(0x0000000024eb0000,0x0000000024fb0000)]
  0x000000001c2bc800 JavaThread "jar transforms Thread 860" [_thread_blocked, id=10228, stack(0x0000000024db0000,0x0000000024eb0000)]
  0x000000001c2c0800 JavaThread "jar transforms Thread 859" [_thread_blocked, id=16352, stack(0x0000000024cb0000,0x0000000024db0000)]
  0x000000001c2bf000 JavaThread "jar transforms Thread 858" [_thread_blocked, id=7484, stack(0x0000000024bb0000,0x0000000024cb0000)]
  0x000000001c2bf800 JavaThread "jar transforms Thread 857" [_thread_blocked, id=12704, stack(0x0000000024ab0000,0x0000000024bb0000)]
  0x000000001c2b2000 JavaThread "jar transforms Thread 856" [_thread_blocked, id=13316, stack(0x00000000249b0000,0x0000000024ab0000)]
  0x000000001c2b8800 JavaThread "jar transforms Thread 855" [_thread_blocked, id=4456, stack(0x00000000248b0000,0x00000000249b0000)]
  0x000000001c2b7000 JavaThread "jar transforms Thread 854" [_thread_blocked, id=14956, stack(0x00000000247b0000,0x00000000248b0000)]
  0x000000001c2b6800 JavaThread "jar transforms Thread 853" [_thread_blocked, id=15000, stack(0x00000000246b0000,0x00000000247b0000)]
  0x000000001c2b5800 JavaThread "jar transforms Thread 852" [_thread_blocked, id=11956, stack(0x00000000245b0000,0x00000000246b0000)]
  0x000000001c2b5000 JavaThread "jar transforms Thread 851" [_thread_blocked, id=14784, stack(0x00000000244b0000,0x00000000245b0000)]
  0x000000001c2b4000 JavaThread "jar transforms Thread 850" [_thread_blocked, id=16828, stack(0x00000000243b0000,0x00000000244b0000)]
  0x000000001c2b8000 JavaThread "jar transforms Thread 849" [_thread_blocked, id=15892, stack(0x00000000242b0000,0x00000000243b0000)]
  0x000000001be33800 JavaThread "jar transforms Thread 848" [_thread_blocked, id=11340, stack(0x00000000241b0000,0x00000000242b0000)]
  0x000000001be2d800 JavaThread "jar transforms Thread 847" [_thread_blocked, id=10936, stack(0x00000000240b0000,0x00000000241b0000)]
  0x000000001be31000 JavaThread "jar transforms Thread 846" [_thread_blocked, id=13624, stack(0x0000000023fb0000,0x00000000240b0000)]
  0x000000001be30800 JavaThread "jar transforms Thread 845" [_thread_blocked, id=8688, stack(0x0000000023eb0000,0x0000000023fb0000)]
  0x000000001be32000 JavaThread "jar transforms Thread 844" [_thread_blocked, id=7264, stack(0x0000000023db0000,0x0000000023eb0000)]
  0x000000001be2f800 JavaThread "jar transforms Thread 843" [_thread_blocked, id=14104, stack(0x0000000023cb0000,0x0000000023db0000)]
  0x000000001be2c800 JavaThread "jar transforms Thread 842" [_thread_blocked, id=16548, stack(0x0000000023bb0000,0x0000000023cb0000)]
  0x000000001be2f000 JavaThread "jar transforms Thread 841" [_thread_blocked, id=16068, stack(0x0000000023ab0000,0x0000000023bb0000)]
  0x000000001be28800 JavaThread "jar transforms Thread 840" [_thread_blocked, id=13112, stack(0x00000000239b0000,0x0000000023ab0000)]
  0x000000001be25000 JavaThread "jar transforms Thread 839" [_thread_blocked, id=13508, stack(0x00000000238b0000,0x00000000239b0000)]
  0x000000001be25800 JavaThread "jar transforms Thread 838" [_thread_blocked, id=4248, stack(0x00000000237b0000,0x00000000238b0000)]
  0x000000001be2b000 JavaThread "jar transforms Thread 837" [_thread_blocked, id=13244, stack(0x00000000236b0000,0x00000000237b0000)]
  0x000000001be29800 JavaThread "jar transforms Thread 836" [_thread_blocked, id=9780, stack(0x00000000235b0000,0x00000000236b0000)]
  0x000000001be2b800 JavaThread "jar transforms Thread 835" [_thread_blocked, id=17328, stack(0x00000000234b0000,0x00000000235b0000)]
  0x000000001be24000 JavaThread "jar transforms Thread 834" [_thread_blocked, id=11060, stack(0x00000000233b0000,0x00000000234b0000)]
  0x000000001be27000 JavaThread "jar transforms Thread 833" [_thread_blocked, id=13236, stack(0x00000000232b0000,0x00000000233b0000)]
  0x000000001be28000 JavaThread "jar transforms Thread 832" [_thread_blocked, id=496, stack(0x00000000231b0000,0x00000000232b0000)]
  0x000000001be2a000 JavaThread "jar transforms Thread 831" [_thread_blocked, id=11908, stack(0x0000000022eb0000,0x0000000022fb0000)]
  0x000000001be26800 JavaThread "jar transforms Thread 830" [_thread_blocked, id=3212, stack(0x0000000022db0000,0x0000000022eb0000)]
  0x000000001b408800 JavaThread "jar transforms Thread 829" [_thread_blocked, id=3504, stack(0x0000000022cb0000,0x0000000022db0000)]
  0x000000001b3fa800 JavaThread "Daemon worker Thread 8" [_thread_blocked, id=8848, stack(0x000000001e260000,0x000000001e360000)]
  0x000000001b3fd800 JavaThread "Daemon Thread 8" [_thread_blocked, id=12452, stack(0x000000001da20000,0x000000001db20000)]
  0x000000001b3fe000 JavaThread "Memory manager" [_thread_blocked, id=8592, stack(0x00000000294b0000,0x00000000295b0000)]
  0x000000001b963800 JavaThread "Cache worker for file content cache (C:\Users\Admin\.gradle\caches\6.5\fileContent)" [_thread_blocked, id=12268, stack(0x00000000220b0000,0x00000000221b0000)]
  0x000000001b965000 JavaThread "Cache worker for execution history cache (C:\Users\Admin\.gradle\caches\6.5\executionHistory)" [_thread_blocked, id=4840, stack(0x00000000218b0000,0x00000000219b0000)]
  0x000000001b9c0800 JavaThread "Cache worker for file hash cache (C:\Users\Admin\.gradle\caches\6.5\fileHashes)" [_thread_blocked, id=1856, stack(0x000000001ed60000,0x000000001ee60000)]
  0x000000001a10e800 JavaThread "File lock request listener" [_thread_in_native, id=14096, stack(0x000000001ec60000,0x000000001ed60000)]
  0x000000001bce2000 JavaThread "Cache worker for journal cache (C:\Users\Admin\.gradle\caches\journal-1)" [_thread_blocked, id=16520, stack(0x000000001eb60000,0x000000001ec60000)]
  0x000000001b5fd800 JavaThread "Daemon periodic checks" [_thread_blocked, id=15860, stack(0x000000001de60000,0x000000001df60000)]
  0x000000001c120800 JavaThread "Incoming local TCP Connector on port 51686" [_thread_in_native, id=16204, stack(0x000000001dc20000,0x000000001dd20000)]
  0x000000001ad11000 JavaThread "Daemon health stats" [_thread_blocked, id=12884, stack(0x000000001d5e0000,0x000000001d6e0000)]
  0x0000000019e08800 JavaThread "Service Thread" daemon [_thread_blocked, id=15616, stack(0x000000001aa40000,0x000000001ab40000)]
  0x0000000019d80800 JavaThread "C1 CompilerThread3" daemon [_thread_blocked, id=16032, stack(0x000000001a940000,0x000000001aa40000)]
=>0x0000000019d79800 JavaThread "C2 CompilerThread2" daemon [_thread_in_native, id=1768, stack(0x000000001a840000,0x000000001a940000)]
  0x0000000019d75000 JavaThread "C2 CompilerThread1" daemon [_thread_blocked, id=9964, stack(0x000000001a740000,0x000000001a840000)]
  0x0000000019d71800 JavaThread "C2 CompilerThread0" daemon [_thread_blocked, id=9724, stack(0x000000001a640000,0x000000001a740000)]
  0x0000000019d70800 JavaThread "Attach Listener" daemon [_thread_blocked, id=12104, stack(0x000000001a540000,0x000000001a640000)]
  0x0000000019d6f000 JavaThread "Signal Dispatcher" daemon [_thread_blocked, id=8496, stack(0x000000001a440000,0x000000001a540000)]
  0x0000000019d60800 JavaThread "Finalizer" daemon [_thread_blocked, id=13436, stack(0x000000001a240000,0x000000001a340000)]
  0x0000000017f5c800 JavaThread "Reference Handler" daemon [_thread_blocked, id=17304, stack(0x000000001a140000,0x000000001a240000)]
  0x0000000002dc2800 JavaThread "main" [_thread_blocked, id=13004, stack(0x0000000002c90000,0x0000000002d90000)]

Other Threads:
  0x0000000017f57800 VMThread [stack: 0x0000000019c40000,0x0000000019d40000] [id=10612]
  0x0000000019e09800 WatcherThread [stack: 0x000000001ab40000,0x000000001ac40000] [id=15592]

VM state:not at safepoint (normal execution)

VM Mutex/Monitor currently owned by a thread: None

heap address: 0x0000000080000000, size: 2048 MB, Compressed Oops mode: 32-bit
Narrow klass base: 0x0000000000000000, Narrow klass shift: 3
Compressed class space size: 1073741824 Address: 0x0000000100000000

Heap:
 PSYoungGen      total 460800K, used 269813K [0x00000000d5580000, 0x00000000f8f80000, 0x0000000100000000)
  eden space 454144K, 57% used [0x00000000d5580000,0x00000000e56aefe8,0x00000000f1100000)
  from space 6656K, 97% used [0x00000000f8900000,0x00000000f8f4e5d8,0x00000000f8f80000)
  to   space 20480K, 0% used [0x00000000f6780000,0x00000000f6780000,0x00000000f7b80000)
 ParOldGen       total 88064K, used 54017K [0x0000000080000000, 0x0000000085600000, 0x00000000d5580000)
  object space 88064K, 61% used [0x0000000080000000,0x00000000834c06c0,0x0000000085600000)
 Metaspace       used 80099K, capacity 86884K, committed 87064K, reserved 1124352K
  class space    used 10422K, capacity 11507K, committed 11568K, reserved 1048576K

Card table byte_map: [0x0000000012280000,0x0000000012690000] byte_map_base: 0x0000000011e80000

Marking Bits: (ParMarkBitMap*) 0x000000006fcdf030
 Begin Bits: [0x0000000013140000, 0x0000000015140000)
 End Bits:   [0x0000000015140000, 0x0000000017140000)

Polling page: 0x0000000001080000

CodeCache: size=245760Kb used=48102Kb max_used=48117Kb free=197657Kb
 bounds [0x0000000002ec0000, 0x0000000005e10000, 0x0000000011ec0000]
 total_blobs=15232 nmethods=14409 adapters=734
 compilation: enabled

Compilation events (10 events):
Event: 1653.749 Thread 0x0000000019d75000 18226       4       org.gradle.api.internal.artifacts.ivyservice.ivyresolve.strategy.StaticVersionComparator::compare (13 bytes)
Event: 1653.751 Thread 0x0000000019d75000 nmethod 18226 0x0000000005e02d10 code [0x0000000005e02e60, 0x0000000005e02f48]
Event: 1653.751 Thread 0x0000000019d80800 18227       3       org.gradle.internal.component.local.model.DefaultLocalComponentMetadata$DefaultLocalConfigurationMetadata::getFiles (77 bytes)
Event: 1653.752 Thread 0x0000000019d80800 nmethod 18227 0x0000000005e01610 code [0x0000000005e01860, 0x0000000005e02708]
Event: 1653.753 Thread 0x0000000019d71800 18228       4       com.google.common.collect.AbstractListMultimap::get (9 bytes)
Event: 1653.763 Thread 0x0000000019d80800 18229       3       com.google.common.collect.ImmutableSet::of (4 bytes)
Event: 1653.782 Thread 0x0000000019d80800 nmethod 18229 0x0000000005deb4d0 code [0x0000000005deb620, 0x0000000005deb750]
Event: 1653.784 Thread 0x0000000019d71800 nmethod 18228 0x0000000005e051d0 code [0x0000000005e05380, 0x0000000005e05d38]
Event: 1653.909 Thread 0x0000000019d75000 18230       4       java.io.File::listFiles (52 bytes)
Event: 1653.923 Thread 0x0000000019d75000 nmethod 18230 0x0000000005e06a50 code [0x0000000005e06be0, 0x0000000005e07078]

GC Heap History (10 events):
Event: 1224.208 GC heap before
{Heap before GC invocations=25 (full 3):
 PSYoungGen      total 474624K, used 466608K [0x00000000d5580000, 0x00000000f7f00000, 0x0000000100000000)
  eden space 455680K, 100% used [0x00000000d5580000,0x00000000f1280000,0x00000000f1280000)
  from space 18944K, 57% used [0x00000000f1280000,0x00000000f1d2c090,0x00000000f2500000)
  to   space 18944K, 0% used [0x00000000f6c80000,0x00000000f6c80000,0x00000000f7f00000)
 ParOldGen       total 88064K, used 53977K [0x0000000080000000, 0x0000000085600000, 0x00000000d5580000)
  object space 88064K, 61% used [0x0000000080000000,0x00000000834b66c0,0x0000000085600000)
 Metaspace       used 77933K, capacity 82808K, committed 82968K, reserved 1122304K
  class space    used 10136K, capacity 10981K, committed 11056K, reserved 1048576K
Event: 1224.243 GC heap after
Heap after GC invocations=25 (full 3):
 PSYoungGen      total 529920K, used 12032K [0x00000000d5580000, 0x00000000f7880000, 0x0000000100000000)
  eden space 517632K, 0% used [0x00000000d5580000,0x00000000d5580000,0x00000000f4f00000)
  from space 12288K, 97% used [0x00000000f6c80000,0x00000000f7840060,0x00000000f7880000)
  to   space 18944K, 0% used [0x00000000f5380000,0x00000000f5380000,0x00000000f6600000)
 ParOldGen       total 88064K, used 53985K [0x0000000080000000, 0x0000000085600000, 0x00000000d5580000)
  object space 88064K, 61% used [0x0000000080000000,0x00000000834b86c0,0x0000000085600000)
 Metaspace       used 77933K, capacity 82808K, committed 82968K, reserved 1122304K
  class space    used 10136K, capacity 10981K, committed 11056K, reserved 1048576K
}
Event: 1358.321 GC heap before
{Heap before GC invocations=26 (full 3):
 PSYoungGen      total 529920K, used 529664K [0x00000000d5580000, 0x00000000f7880000, 0x0000000100000000)
  eden space 517632K, 100% used [0x00000000d5580000,0x00000000f4f00000,0x00000000f4f00000)
  from space 12288K, 97% used [0x00000000f6c80000,0x00000000f7840060,0x00000000f7880000)
  to   space 18944K, 0% used [0x00000000f5380000,0x00000000f5380000,0x00000000f6600000)
 ParOldGen       total 88064K, used 53985K [0x0000000080000000, 0x0000000085600000, 0x00000000d5580000)
  object space 88064K, 61% used [0x0000000080000000,0x00000000834b86c0,0x0000000085600000)
 Metaspace       used 78166K, capacity 83094K, committed 83224K, reserved 1122304K
  class space    used 10140K, capacity 10986K, committed 11056K, reserved 1048576K
Event: 1358.383 GC heap after
Heap after GC invocations=26 (full 3):
 PSYoungGen      total 541184K, used 18848K [0x00000000d5580000, 0x00000000fb200000, 0x0000000100000000)
  eden space 522240K, 0% used [0x00000000d5580000,0x00000000d5580000,0x00000000f5380000)
  from space 18944K, 99% used [0x00000000f5380000,0x00000000f65e8070,0x00000000f6600000)
  to   space 21504K, 0% used [0x00000000f9d00000,0x00000000f9d00000,0x00000000fb200000)
 ParOldGen       total 88064K, used 53993K [0x0000000080000000, 0x0000000085600000, 0x00000000d5580000)
  object space 88064K, 61% used [0x0000000080000000,0x00000000834ba6c0,0x0000000085600000)
 Metaspace       used 78166K, capacity 83094K, committed 83224K, reserved 1122304K
  class space    used 10140K, capacity 10986K, committed 11056K, reserved 1048576K
}
Event: 1430.618 GC heap before
{Heap before GC invocations=27 (full 3):
 PSYoungGen      total 541184K, used 541088K [0x00000000d5580000, 0x00000000fb200000, 0x0000000100000000)
  eden space 522240K, 100% used [0x00000000d5580000,0x00000000f5380000,0x00000000f5380000)
  from space 18944K, 99% used [0x00000000f5380000,0x00000000f65e8070,0x00000000f6600000)
  to   space 21504K, 0% used [0x00000000f9d00000,0x00000000f9d00000,0x00000000fb200000)
 ParOldGen       total 88064K, used 53993K [0x0000000080000000, 0x0000000085600000, 0x00000000d5580000)
  object space 88064K, 61% used [0x0000000080000000,0x00000000834ba6c0,0x0000000085600000)
 Metaspace       used 79605K, capacity 86220K, committed 86552K, reserved 1124352K
  class space    used 10397K, capacity 11463K, committed 11568K, reserved 1048576K
Event: 1430.639 GC heap after
Heap after GC invocations=27 (full 3):
 PSYoungGen      total 510976K, used 12512K [0x00000000d5580000, 0x00000000fa980000, 0x0000000100000000)
  eden space 498176K, 0% used [0x00000000d5580000,0x00000000d5580000,0x00000000f3c00000)
  from space 12800K, 97% used [0x00000000f9d00000,0x00000000fa9380a0,0x00000000fa980000)
  to   space 21504K, 0% used [0x00000000f7f80000,0x00000000f7f80000,0x00000000f9480000)
 ParOldGen       total 88064K, used 54001K [0x0000000080000000, 0x0000000085600000, 0x00000000d5580000)
  object space 88064K, 61% used [0x0000000080000000,0x00000000834bc6c0,0x0000000085600000)
 Metaspace       used 79605K, capacity 86220K, committed 86552K, reserved 1124352K
  class space    used 10397K, capacity 11463K, committed 11568K, reserved 1048576K
}
Event: 1518.320 GC heap before
{Heap before GC invocations=28 (full 3):
 PSYoungGen      total 510976K, used 510688K [0x00000000d5580000, 0x00000000fa980000, 0x0000000100000000)
  eden space 498176K, 100% used [0x00000000d5580000,0x00000000f3c00000,0x00000000f3c00000)
  from space 12800K, 97% used [0x00000000f9d00000,0x00000000fa9380a0,0x00000000fa980000)
  to   space 21504K, 0% used [0x00000000f7f80000,0x00000000f7f80000,0x00000000f9480000)
 ParOldGen       total 88064K, used 54001K [0x0000000080000000, 0x0000000085600000, 0x00000000d5580000)
  object space 88064K, 61% used [0x0000000080000000,0x00000000834bc6c0,0x0000000085600000)
 Metaspace       used 79882K, capacity 86552K, committed 86808K, reserved 1124352K
  class space    used 10421K, capacity 11507K, committed 11568K, reserved 1048576K
Event: 1518.337 GC heap after
Heap after GC invocations=28 (full 3):
 PSYoungGen      total 481792K, used 6016K [0x00000000d5580000, 0x00000000f9d80000, 0x0000000100000000)
  eden space 475648K, 0% used [0x00000000d5580000,0x00000000d5580000,0x00000000f2600000)
  from space 6144K, 97% used [0x00000000f7f80000,0x00000000f8560070,0x00000000f8580000)
  to   space 20992K, 0% used [0x00000000f8900000,0x00000000f8900000,0x00000000f9d80000)
 ParOldGen       total 88064K, used 54009K [0x0000000080000000, 0x0000000085600000, 0x00000000d5580000)
  object space 88064K, 61% used [0x0000000080000000,0x00000000834be6c0,0x0000000085600000)
 Metaspace       used 79882K, capacity 86552K, committed 86808K, reserved 1124352K
  class space    used 10421K, capacity 11507K, committed 11568K, reserved 1048576K
}
Event: 1627.389 GC heap before
{Heap before GC invocations=29 (full 3):
 PSYoungGen      total 481792K, used 481664K [0x00000000d5580000, 0x00000000f9d80000, 0x0000000100000000)
  eden space 475648K, 100% used [0x00000000d5580000,0x00000000f2600000,0x00000000f2600000)
  from space 6144K, 97% used [0x00000000f7f80000,0x00000000f8560070,0x00000000f8580000)
  to   space 20992K, 0% used [0x00000000f8900000,0x00000000f8900000,0x00000000f9d80000)
 ParOldGen       total 88064K, used 54009K [0x0000000080000000, 0x0000000085600000, 0x00000000d5580000)
  object space 88064K, 61% used [0x0000000080000000,0x00000000834be6c0,0x0000000085600000)
 Metaspace       used 80032K, capacity 86752K, committed 87064K, reserved 1124352K
  class space    used 10422K, capacity 11507K, committed 11568K, reserved 1048576K
Event: 1627.432 GC heap after
Heap after GC invocations=29 (full 3):
 PSYoungGen      total 460800K, used 6457K [0x00000000d5580000, 0x00000000f8f80000, 0x0000000100000000)
  eden space 454144K, 0% used [0x00000000d5580000,0x00000000d5580000,0x00000000f1100000)
  from space 6656K, 97% used [0x00000000f8900000,0x00000000f8f4e5d8,0x00000000f8f80000)
  to   space 20480K, 0% used [0x00000000f6780000,0x00000000f6780000,0x00000000f7b80000)
 ParOldGen       total 88064K, used 54017K [0x0000000080000000, 0x0000000085600000, 0x00000000d5580000)
  object space 88064K, 61% used [0x0000000080000000,0x00000000834c06c0,0x0000000085600000)
 Metaspace       used 80032K, capacity 86752K, committed 87064K, reserved 1124352K
  class space    used 10422K, capacity 11507K, committed 11568K, reserved 1048576K
}

Deoptimization events (10 events):
Event: 1314.722 Thread 0x000000002be6f800 Uncommon trap: reason=array_check action=maybe_recompile pc=0x0000000004a8a5a0 method=java.util.ComparableTimSort.binarySort([Ljava/lang/Object;III)V @ 215
Event: 1314.927 Thread 0x000000002a066000 Uncommon trap: reason=unstable_if action=reinterpret pc=0x00000000034ef310 method=java.util.concurrent.locks.AbstractQueuedSynchronizer.unparkSuccessor(Ljava/util/concurrent/locks/AbstractQueuedSynchronizer$Node;)V @ 22
Event: 1318.431 Thread 0x000000002be6f800 Uncommon trap: reason=bimorphic action=maybe_recompile pc=0x0000000003ea28cc method=java.util.HashMap.removeNode(ILjava/lang/Object;Ljava/lang/Object;ZZ)Ljava/util/HashMap$Node; @ 143
Event: 1359.022 Thread 0x000000002a06c000 Uncommon trap: reason=null_check action=make_not_entrant pc=0x00000000033b3768 method=org.gradle.api.internal.tasks.properties.bean.AbstractNestedRuntimeBeanNode$BeanPropertyValue.isConfigurable()Z @ 9
Event: 1400.516 Thread 0x000000002a06b800 Uncommon trap: reason=unstable_if action=reinterpret pc=0x0000000004612598 method=java.util.concurrent.ConcurrentHashMap.replaceNode(Ljava/lang/Object;Ljava/lang/Object;Ljava/lang/Object;)Ljava/lang/Object; @ 62
Event: 1427.376 Thread 0x000000002a069000 Uncommon trap: reason=unstable_if action=reinterpret pc=0x00000000053b0c9c method=java.util.concurrent.locks.AbstractQueuedSynchronizer.unparkSuccessor(Ljava/util/concurrent/locks/AbstractQueuedSynchronizer$Node;)V @ 22
Event: 1487.208 Thread 0x000000002be6f800 Uncommon trap: reason=bimorphic action=maybe_recompile pc=0x0000000003066dd8 method=java.util.HashMap.removeNode(ILjava/lang/Object;Ljava/lang/Object;ZZ)Ljava/util/HashMap$Node; @ 143
Event: 1518.289 Thread 0x000000002a065000 Uncommon trap: reason=unstable_if action=reinterpret pc=0x000000000540e390 method=java.util.concurrent.ConcurrentHashMap.addCount(JI)V @ 168
Event: 1625.953 Thread 0x00000000204a1800 Uncommon trap: reason=unstable_if action=reinterpret pc=0x0000000004ef079c method=org.gradle.internal.logging.console.BuildLogLevelFilterRenderer.onOutput(Lorg/gradle/internal/logging/events/OutputEvent;)V @ 18
Event: 1627.434 Thread 0x000000002043c800 Uncommon trap: reason=unstable_if action=reinterpret pc=0x000000000428b490 method=com.google.common.cache.LocalCache$Segment.expand()V @ 228

Classes redefined (0 events):
No events

Internal exceptions (10 events):
Event: 1631.180 Thread 0x000000002043b800 Exception <a 'sun/nio/fs/WindowsException'> (0x00000000db48cb40) thrown at [C:\src\AOSP-openjdk-git\hotspot\src\share\vm\prims\jni.cpp, line 710]
Event: 1631.181 Thread 0x000000002043b800 Exception <a 'sun/nio/fs/WindowsException'> (0x00000000db48d7f8) thrown at [C:\src\AOSP-openjdk-git\hotspot\src\share\vm\prims\jni.cpp, line 710]
Event: 1631.182 Thread 0x000000002043b800 Exception <a 'sun/nio/fs/WindowsException'> (0x00000000db493100) thrown at [C:\src\AOSP-openjdk-git\hotspot\src\share\vm\prims\jni.cpp, line 710]
Event: 1631.182 Thread 0x000000002043b800 Exception <a 'sun/nio/fs/WindowsException'> (0x00000000db493df8) thrown at [C:\src\AOSP-openjdk-git\hotspot\src\share\vm\prims\jni.cpp, line 710]
Event: 1631.182 Thread 0x000000002043b800 Exception <a 'sun/nio/fs/WindowsException'> (0x00000000db495be0) thrown at [C:\src\AOSP-openjdk-git\hotspot\src\share\vm\prims\jni.cpp, line 710]
Event: 1631.182 Thread 0x000000002043b800 Exception <a 'sun/nio/fs/WindowsException'> (0x00000000db4968e8) thrown at [C:\src\AOSP-openjdk-git\hotspot\src\share\vm\prims\jni.cpp, line 710]
Event: 1652.587 Thread 0x000000001b3fa800 Exception <a 'sun/nio/fs/WindowsException'> (0x00000000dd3a8c28) thrown at [C:\src\AOSP-openjdk-git\hotspot\src\share\vm\prims\jni.cpp, line 710]
Event: 1652.672 Thread 0x000000001b3fa800 Exception <a 'sun/nio/fs/WindowsException'> (0x00000000dd7d8028) thrown at [C:\src\AOSP-openjdk-git\hotspot\src\share\vm\prims\jni.cpp, line 710]
Event: 1653.286 Thread 0x00000000204a4000 Exception <a 'sun/nio/fs/WindowsException'> (0x00000000e2c99158) thrown at [C:\src\AOSP-openjdk-git\hotspot\src\share\vm\prims\jni.cpp, line 710]
Event: 1653.287 Thread 0x00000000204a4000 Exception <a 'sun/nio/fs/WindowsException'> (0x00000000e2c99e40) thrown at [C:\src\AOSP-openjdk-git\hotspot\src\share\vm\prims\jni.cpp, line 710]

Events (10 events):
Event: 1653.201 Thread 0x00000000204a8800 Thread added: 0x00000000204a8800
Event: 1653.209 Executing VM operation: RevokeBias
Event: 1653.209 Executing VM operation: RevokeBias done
Event: 1653.401 Executing VM operation: RevokeBias
Event: 1653.402 Executing VM operation: RevokeBias done
Event: 1653.762 Thread 0x00000000204a9000 Thread added: 0x00000000204a9000
Event: 1653.764 Executing VM operation: RevokeBias
Event: 1653.781 Executing VM operation: RevokeBias done
Event: 1653.923 Thread 0x0000000019d75000 flushing nmethod 0x000000000319a0d0
Event: 1653.923 Thread 0x0000000019d75000 flushing nmethod 0x00000000031c14d0


Dynamic libraries:
0x00007ff6c22a0000 - 0x00007ff6c22d1000 	C:\Program Files\Android\Android Studio\jre\bin\java.exe
0x00007ffc5cdd0000 - 0x00007ffc5cfc5000 	C:\WINDOWS\SYSTEM32\ntdll.dll
0x00007ffc5cb20000 - 0x00007ffc5cbdd000 	C:\WINDOWS\System32\KERNEL32.DLL
0x00007ffc5a700000 - 0x00007ffc5a9c9000 	C:\WINDOWS\System32\KERNELBASE.dll
0x00007ffc5b920000 - 0x00007ffc5b9cc000 	C:\WINDOWS\System32\ADVAPI32.dll
0x00007ffc5ccf0000 - 0x00007ffc5cd8e000 	C:\WINDOWS\System32\msvcrt.dll
0x00007ffc5b0f0000 - 0x00007ffc5b18b000 	C:\WINDOWS\System32\sechost.dll
0x00007ffc5ae90000 - 0x00007ffc5afba000 	C:\WINDOWS\System32\RPCRT4.dll
0x00007ffc5b210000 - 0x00007ffc5b3b0000 	C:\WINDOWS\System32\USER32.dll
0x00007ffc5ac10000 - 0x00007ffc5ac32000 	C:\WINDOWS\System32\win32u.dll
0x00007ffc5ccc0000 - 0x00007ffc5ccea000 	C:\WINDOWS\System32\GDI32.dll
0x00007ffc5a9d0000 - 0x00007ffc5aadb000 	C:\WINDOWS\System32\gdi32full.dll
0x00007ffc5a550000 - 0x00007ffc5a5ed000 	C:\WINDOWS\System32\msvcp_win.dll
0x00007ffc5aae0000 - 0x00007ffc5abe0000 	C:\WINDOWS\System32\ucrtbase.dll
0x00007ffc37af0000 - 0x00007ffc37d8a000 	C:\WINDOWS\WinSxS\amd64_microsoft.windows.common-controls_6595b64144ccf1df_6.0.19041.1110_none_60b5254171f9507e\COMCTL32.dll
0x00007ffc5b4e0000 - 0x00007ffc5b510000 	C:\WINDOWS\System32\IMM32.DLL
0x000000006f290000 - 0x000000006f362000 	C:\Program Files\Android\Android Studio\jre\jre\bin\msvcr100.dll
0x000000006f510000 - 0x000000006fd5b000 	C:\Program Files\Android\Android Studio\jre\jre\bin\server\jvm.dll
0x00007ffc5c600000 - 0x00007ffc5c608000 	C:\WINDOWS\System32\PSAPI.DLL
0x00007ffc3de90000 - 0x00007ffc3deb7000 	C:\WINDOWS\SYSTEM32\WINMM.dll
0x00007ffc4ff30000 - 0x00007ffc4ff3a000 	C:\WINDOWS\SYSTEM32\VERSION.dll
0x00007ffc38460000 - 0x00007ffc38469000 	C:\WINDOWS\SYSTEM32\WSOCK32.dll
0x00007ffc5b650000 - 0x00007ffc5b6bb000 	C:\WINDOWS\System32\WS2_32.dll
0x00007ffc540d0000 - 0x00007ffc540df000 	C:\Program Files\Android\Android Studio\jre\jre\bin\verify.dll
0x00007ffc50440000 - 0x00007ffc50469000 	C:\Program Files\Android\Android Studio\jre\jre\bin\java.dll
0x00007ffc4e660000 - 0x00007ffc4e676000 	C:\Program Files\Android\Android Studio\jre\jre\bin\zip.dll
0x00007ffc5bec0000 - 0x00007ffc5c5ff000 	C:\WINDOWS\System32\SHELL32.dll
0x00007ffc58310000 - 0x00007ffc58aa0000 	C:\WINDOWS\SYSTEM32\windows.storage.dll
0x00007ffc5c610000 - 0x00007ffc5c965000 	C:\WINDOWS\System32\combase.dll
0x00007ffc59e90000 - 0x00007ffc59ebc000 	C:\WINDOWS\SYSTEM32\Wldp.dll
0x00007ffc5cbe0000 - 0x00007ffc5cc8e000 	C:\WINDOWS\System32\SHCORE.dll
0x00007ffc5be60000 - 0x00007ffc5beb5000 	C:\WINDOWS\System32\shlwapi.dll
0x00007ffc5a440000 - 0x00007ffc5a45f000 	C:\WINDOWS\SYSTEM32\profapi.dll
0x00007ffc42860000 - 0x00007ffc4287a000 	C:\Program Files\Android\Android Studio\jre\jre\bin\net.dll
0x00007ffc59bf0000 - 0x00007ffc59c5a000 	C:\WINDOWS\system32\mswsock.dll
0x00007ffc23300000 - 0x00007ffc23313000 	C:\Program Files\Android\Android Studio\jre\jre\bin\nio.dll
0x00007ffc501b0000 - 0x00007ffc501d7000 	C:\Users\Admin\.gradle\native\f6784746aeab05261644944871eae4fe03e0ef1612fff0a4a95f87b438bc6780\windows-amd64\native-platform.dll
0x00007ffc540c0000 - 0x00007ffc540cd000 	C:\Program Files\Android\Android Studio\jre\jre\bin\management.dll
0x00007ffc59de0000 - 0x00007ffc59df8000 	C:\WINDOWS\SYSTEM32\CRYPTSP.dll
0x00007ffc59570000 - 0x00007ffc595a4000 	C:\WINDOWS\system32\rsaenh.dll
0x00007ffc5abe0000 - 0x00007ffc5ac07000 	C:\WINDOWS\System32\bcrypt.dll
0x00007ffc5a370000 - 0x00007ffc5a39e000 	C:\WINDOWS\SYSTEM32\USERENV.dll
0x00007ffc5ada0000 - 0x00007ffc5ae23000 	C:\WINDOWS\System32\bcryptprimitives.dll
0x00007ffc59e00000 - 0x00007ffc59e0c000 	C:\WINDOWS\SYSTEM32\CRYPTBASE.dll
0x00007ffc598e0000 - 0x00007ffc5991b000 	C:\WINDOWS\SYSTEM32\IPHLPAPI.DLL
0x00007ffc5cc90000 - 0x00007ffc5cc98000 	C:\WINDOWS\System32\NSI.dll
0x00007ffc54d10000 - 0x00007ffc54d27000 	C:\WINDOWS\SYSTEM32\dhcpcsvc6.DLL
0x00007ffc54cf0000 - 0x00007ffc54d0d000 	C:\WINDOWS\SYSTEM32\dhcpcsvc.DLL
0x00007ffc59920000 - 0x00007ffc599ec000 	C:\WINDOWS\SYSTEM32\DNSAPI.dll
0x00007ffc4fbd0000 - 0x00007ffc4fbdb000 	C:\WINDOWS\SYSTEM32\WINNSI.DLL

VM Arguments:
jvm_args: -Xmx2048m -Dfile.encoding=UTF-8 -Duser.country=US -Duser.language=en -Duser.variant 
java_command: org.gradle.launcher.daemon.bootstrap.GradleDaemon 6.5
java_class_path (initial): C:\Users\Admin\.gradle\wrapper\dists\gradle-6.5-bin\6nifqtx7604sqp1q6g8wikw7p\gradle-6.5\lib\gradle-launcher-6.5.jar
Launcher Type: SUN_STANDARD

Environment Variables:
USERNAME=Admin
OS=Windows_NT
PROCESSOR_IDENTIFIER=Intel64 Family 6 Model 142 Stepping 11, GenuineIntel



---------------  S Y S T E M  ---------------

OS: Windows 10.0 , 64 bit Build 19041 (10.0.19041.1151)

CPU:total 8 (initial active 8) (4 cores per cpu, 2 threads per core) family 6 model 142 stepping 11, cmov, cx8, fxsr, mmx, sse, sse2, sse3, ssse3, sse4.1, sse4.2, popcnt, avx, avx2, aes, clmul, erms, 3dnowpref, lzcnt, ht, tsc, tscinvbit, bmi1, bmi2, adx

Memory: 4k page, physical 8273204k(527148k free), swap 12369204k(9600k free)

vm_info: OpenJDK 64-Bit Server VM (25.242-b01) for windows-amd64 JRE (1.8.0_242-release-1644-b01), built by "builder" with MS VC++ 10.0 (VS2010)

time: Fri Sep 03 18:44:17 2021
timezone: SE Asia Standard Time
elapsed time: 1654 seconds (0d 0h 27m 34s)

