#
# There is insufficient memory for the Java Runtime Environment to continue.
# Native memory allocation (malloc) failed to allocate 65552 bytes for Chunk::new
# Possible reasons:
#   The system is out of physical RAM or swap space
#   The process is running with CompressedOops enabled, and the Java Heap may be blocking the growth of the native heap
# Possible solutions:
#   Reduce memory load on the system
#   Increase physical memory or swap space
#   Check if swap backing store is full
#   Decrease Java heap size (-Xmx/-Xms)
#   Decrease number of Java threads
#   Decrease Java thread stack sizes (-Xss)
#   Set larger code cache with -XX:ReservedCodeCacheSize=
#   JVM is running with Unscaled Compressed Oops mode in which the Java heap is
#     placed in the first 4GB address space. The Java Heap base address is the
#     maximum limit for the native heap growth. Please use -XX:HeapBaseMinAddress
#     to set the Java Heap base and to place the Java Heap above 4GB virtual address.
# This output file may be truncated or incomplete.
#
#  Out of Memory Error (allocation.cpp:389), pid=13856, tid=0x0000000000003c50
#
# JRE version: OpenJDK Runtime Environment (8.0_242-b01) (build 1.8.0_242-release-1644-b01)
# Java VM: OpenJDK 64-Bit Server VM (25.242-b01 mixed mode windows-amd64 compressed oops)
# Failed to write core dump. Minidumps are not enabled by default on client versions of Windows
#

---------------  T H R E A D  ---------------

Current thread (0x0000000019eac800):  JavaThread "C2 CompilerThread2" daemon [_thread_in_native, id=15440, stack(0x000000001a970000,0x000000001aa70000)]

Stack: [0x000000001a970000,0x000000001aa70000]
[error occurred during error reporting (printing stack bounds), id 0xc0000005]

Native frames: (J=compiled Java code, j=interpreted, Vv=VM code, C=native code)


Current CompileTask:
C2:  85497 13922 % !   4       com.android.tools.r8.dex.r::c @ 803 (2729 bytes)


---------------  P R O C E S S  ---------------

Java Threads: ( => current thread )
  0x000000001b75d800 JavaThread "ForkJoinPool-2-worker-0" daemon [_thread_blocked, id=14776, stack(0x0000000025da0000,0x0000000025ea0000)]
  0x000000001b759000 JavaThread "ForkJoinPool-2-worker-7" daemon [_thread_blocked, id=13324, stack(0x0000000025ca0000,0x0000000025da0000)]
  0x000000001b756800 JavaThread "ForkJoinPool-2-worker-6" daemon [_thread_blocked, id=14692, stack(0x0000000025ba0000,0x0000000025ca0000)]
  0x000000001b75b000 JavaThread "ForkJoinPool-2-worker-4" daemon [_thread_blocked, id=15096, stack(0x0000000025350000,0x0000000025450000)]
  0x000000001b75c800 JavaThread "ForkJoinPool-2-worker-5" daemon [_thread_blocked, id=1816, stack(0x0000000025250000,0x0000000025350000)]
  0x000000001b758000 JavaThread "ForkJoinPool-2-worker-3" daemon [_thread_in_Java, id=9200, stack(0x0000000024090000,0x0000000024190000)]
  0x000000001b755000 JavaThread "ForkJoinPool-2-worker-2" daemon [_thread_blocked, id=1492, stack(0x0000000023090000,0x0000000023190000)]
  0x000000001b759800 JavaThread "ForkJoinPool-2-worker-1" daemon [_thread_blocked, id=9476, stack(0x000000001e890000,0x000000001e990000)]
  0x0000000021b50800 JavaThread "ForkJoinPool.commonPool-worker-7" daemon [_thread_blocked, id=11444, stack(0x000000002f370000,0x000000002f470000)]
  0x0000000021b4f000 JavaThread "ForkJoinPool.commonPool-worker-6" daemon [_thread_blocked, id=14688, stack(0x000000002f270000,0x000000002f370000)]
  0x000000001b763800 JavaThread "ForkJoinPool.commonPool-worker-4" daemon [_thread_blocked, id=4356, stack(0x000000002f070000,0x000000002f170000)]
  0x00000000222ff000 JavaThread "ForkJoinPool.commonPool-worker-1" daemon [_thread_blocked, id=14876, stack(0x0000000001430000,0x0000000001530000)]
  0x0000000022300800 JavaThread "Cache worker for Java compile cache (D:\InstagramApp\.gradle\6.5\javaCompile)" [_thread_blocked, id=2780, stack(0x000000002ea70000,0x000000002eb70000)]
  0x00000000222fd000 JavaThread "Cache worker for Java compile cache (C:\Users\Admin\.gradle\caches\6.5\javaCompile)" [_thread_blocked, id=5388, stack(0x000000002e970000,0x000000002ea70000)]
  0x00000000222f5000 JavaThread "WorkerExecutor Queue Thread 6" [_thread_blocked, id=9420, stack(0x000000002e870000,0x000000002e970000)]
  0x00000000222f4800 JavaThread "stdout" [_thread_in_native, id=11556, stack(0x000000002e370000,0x000000002e470000)]
  0x00000000222f7800 JavaThread "stderr" [_thread_in_native, id=4684, stack(0x000000002e270000,0x000000002e370000)]
  0x00000000222fb800 JavaThread "stdout" [_thread_in_native, id=14912, stack(0x000000002e170000,0x000000002e270000)]
  0x00000000222f7000 JavaThread "stderr" [_thread_in_native, id=10224, stack(0x000000002e070000,0x000000002e170000)]
  0x00000000222f3000 JavaThread "stdout" [_thread_in_native, id=5840, stack(0x000000002df70000,0x000000002e070000)]
  0x00000000222f3800 JavaThread "stderr" [_thread_in_native, id=9192, stack(0x000000002de70000,0x000000002df70000)]
  0x00000000222f2000 JavaThread "stdout" [_thread_in_native, id=13528, stack(0x000000002dd70000,0x000000002de70000)]
  0x00000000222f9000 JavaThread "stderr" [_thread_in_native, id=8652, stack(0x000000002dc70000,0x000000002dd70000)]
  0x00000000222f8800 JavaThread "stdout" [_thread_in_native, id=3520, stack(0x000000002d9c0000,0x000000002dac0000)]
  0x00000000222f6000 JavaThread "stderr" [_thread_in_native, id=7844, stack(0x000000002d350000,0x000000002d450000)]
  0x000000001d4a5800 JavaThread "pool-2-thread-1" [_thread_blocked, id=9640, stack(0x000000002db70000,0x000000002dc70000)]
  0x000000001d4a2800 JavaThread "Cache worker for execution history cache (D:\InstagramApp\.gradle\6.5\executionHistory)" [_thread_blocked, id=14528, stack(0x000000002c830000,0x000000002c930000)]
  0x000000001d49b000 JavaThread "Execution worker for ':' Thread 7" [_thread_blocked, id=7616, stack(0x000000002cf50000,0x000000002d050000)]
  0x000000001d49e000 JavaThread "Execution worker for ':' Thread 6" [_thread_blocked, id=13948, stack(0x000000002ce50000,0x000000002cf50000)]
  0x000000001d49f000 JavaThread "Execution worker for ':' Thread 5" [_thread_blocked, id=12584, stack(0x000000002cd50000,0x000000002ce50000)]
  0x000000001d49f800 JavaThread "Execution worker for ':' Thread 4" [_thread_blocked, id=2556, stack(0x000000002cc50000,0x000000002cd50000)]
  0x000000001d4a0800 JavaThread "Execution worker for ':' Thread 3" [_thread_blocked, id=16700, stack(0x000000002cb50000,0x000000002cc50000)]
  0x000000001d4a2000 JavaThread "Execution worker for ':' Thread 2" [_thread_blocked, id=7196, stack(0x000000002c730000,0x000000002c830000)]
  0x000000001d4a1000 JavaThread "Execution worker for ':'" [_thread_blocked, id=8580, stack(0x000000002aed0000,0x000000002afd0000)]
  0x000000001d49c800 JavaThread "Cache worker for file content cache (D:\InstagramApp\.gradle\6.5\fileContent)" [_thread_blocked, id=6644, stack(0x000000002a590000,0x000000002a690000)]
  0x000000001b764000 JavaThread "Memory manager" [_thread_blocked, id=14300, stack(0x000000002b260000,0x000000002b360000)]
  0x000000001b762000 JavaThread "pool-1-thread-1" [_thread_blocked, id=12216, stack(0x000000002a090000,0x000000002a190000)]
  0x000000001b75a800 JavaThread "Cache worker for Build Output Cleanup Cache (D:\InstagramApp\.gradle\buildOutputCleanup)" [_thread_blocked, id=872, stack(0x0000000029d90000,0x0000000029e90000)]
  0x00000000218d0000 JavaThread "Build operations Thread 8" [_thread_blocked, id=912, stack(0x0000000023f90000,0x0000000024090000)]
  0x00000000218d6000 JavaThread "Build operations Thread 7" [_thread_blocked, id=10552, stack(0x0000000023e90000,0x0000000023f90000)]
  0x00000000218d3000 JavaThread "Build operations Thread 6" [_thread_blocked, id=14320, stack(0x0000000023d90000,0x0000000023e90000)]
  0x00000000218d5800 JavaThread "Build operations Thread 5" [_thread_blocked, id=10072, stack(0x0000000023c90000,0x0000000023d90000)]
  0x00000000218d7000 JavaThread "Build operations Thread 4" [_thread_blocked, id=14812, stack(0x0000000023b90000,0x0000000023c90000)]
  0x00000000218d2800 JavaThread "Build operations Thread 3" [_thread_blocked, id=9992, stack(0x0000000023a90000,0x0000000023b90000)]
  0x00000000218d1800 JavaThread "Build operations Thread 2" [_thread_blocked, id=12696, stack(0x0000000023990000,0x0000000023a90000)]
  0x00000000218d4800 JavaThread "Build operations" [_thread_blocked, id=4164, stack(0x0000000023890000,0x0000000023990000)]
  0x000000001c85c000 JavaThread "Cache worker for file content cache (C:\Users\Admin\.gradle\caches\6.5\fileContent)" [_thread_blocked, id=496, stack(0x0000000023190000,0x0000000023290000)]
  0x000000001c860800 JavaThread "Cache worker for execution history cache (C:\Users\Admin\.gradle\caches\6.5\executionHistory)" [_thread_blocked, id=2720, stack(0x0000000022990000,0x0000000022a90000)]
  0x000000001c863000 JavaThread "Cache worker for cache directory md-rule (C:\Users\Admin\.gradle\caches\6.5\md-rule)" [_thread_blocked, id=2728, stack(0x0000000022890000,0x0000000022990000)]
  0x000000001c860000 JavaThread "Cache worker for cache directory md-supplier (C:\Users\Admin\.gradle\caches\6.5\md-supplier)" [_thread_blocked, id=12732, stack(0x0000000022790000,0x0000000022890000)]
  0x000000001c7a5800 JavaThread "Cache worker for checksums cache (D:\InstagramApp\.gradle\checksums)" [_thread_blocked, id=6968, stack(0x0000000021430000,0x0000000021530000)]
  0x000000001c7a3000 JavaThread "Cache worker for file hash cache (D:\InstagramApp\.gradle\6.5\fileHashes)" [_thread_blocked, id=10668, stack(0x0000000021130000,0x0000000021230000)]
  0x000000001c7a4800 JavaThread "Cache worker for file hash cache (C:\Users\Admin\.gradle\caches\6.5\fileHashes)" [_thread_blocked, id=11688, stack(0x000000001ee90000,0x000000001ef90000)]
  0x000000001c7a6000 JavaThread "File lock request listener" [_thread_in_native, id=1520, stack(0x000000001ed90000,0x000000001ee90000)]
  0x000000001c7a4000 JavaThread "Cache worker for journal cache (C:\Users\Admin\.gradle\caches\journal-1)" [_thread_blocked, id=5944, stack(0x000000001ec90000,0x000000001ed90000)]
  0x000000001bb20000 JavaThread "Thread-9" [_thread_blocked, id=7024, stack(0x000000001e990000,0x000000001ea90000)]
  0x000000001bb27000 JavaThread "Asynchronous log dispatcher for DefaultDaemonConnection: socket connection from /127.0.0.1:56713 to /127.0.0.1:56714" [_thread_blocked, id=11496, stack(0x000000001e790000,0x000000001e890000)]
  0x000000001bb23800 JavaThread "Daemon worker" [_thread_blocked, id=11168, stack(0x000000001e690000,0x000000001e790000)]
  0x000000001c7b7800 JavaThread "Cancel handler" [_thread_blocked, id=15184, stack(0x000000001e490000,0x000000001e590000)]
  0x000000001c75f800 JavaThread "Handler for socket connection from /127.0.0.1:56713 to /127.0.0.1:56714" [_thread_in_native, id=9348, stack(0x000000001e390000,0x000000001e490000)]
  0x000000001c752800 JavaThread "Daemon" [_thread_blocked, id=1736, stack(0x000000001e290000,0x000000001e390000)]
  0x000000001c6f9000 JavaThread "Daemon periodic checks" [_thread_blocked, id=5788, stack(0x000000001df90000,0x000000001e090000)]
  0x000000001c6f6000 JavaThread "Incoming local TCP Connector on port 56713" [_thread_in_native, id=11692, stack(0x000000001dd50000,0x000000001de50000)]
  0x000000001c675800 JavaThread "Daemon health stats" [_thread_blocked, id=396, stack(0x000000001d710000,0x000000001d810000)]
  0x0000000019f3f800 JavaThread "Service Thread" daemon [_thread_blocked, id=3160, stack(0x000000001ab70000,0x000000001ac70000)]
  0x0000000019eb1800 JavaThread "C1 CompilerThread3" daemon [_thread_blocked, id=13572, stack(0x000000001aa70000,0x000000001ab70000)]
=>0x0000000019eac800 JavaThread "C2 CompilerThread2" daemon [_thread_in_native, id=15440, stack(0x000000001a970000,0x000000001aa70000)]
  0x0000000019ea4000 JavaThread "C2 CompilerThread1" daemon [_thread_in_native, id=1500, stack(0x000000001a870000,0x000000001a970000)]
  0x0000000019ea0800 JavaThread "C2 CompilerThread0" daemon [_thread_in_native, id=5932, stack(0x000000001a770000,0x000000001a870000)]
  0x0000000019e9f800 JavaThread "Attach Listener" daemon [_thread_blocked, id=10008, stack(0x000000001a670000,0x000000001a770000)]
  0x0000000019e9e000 JavaThread "Signal Dispatcher" daemon [_thread_blocked, id=5496, stack(0x000000001a570000,0x000000001a670000)]
  0x0000000019e91000 JavaThread "Finalizer" daemon [_thread_blocked, id=14356, stack(0x000000001a370000,0x000000001a470000)]
  0x0000000003017800 JavaThread "Reference Handler" daemon [_thread_blocked, id=10064, stack(0x000000001a270000,0x000000001a370000)]
  0x0000000002f22800 JavaThread "main" [_thread_blocked, id=11212, stack(0x0000000002d60000,0x0000000002e60000)]

Other Threads:
  0x0000000018086800 VMThread [stack: 0x0000000019d70000,0x0000000019e70000] [id=1220]
  0x0000000019f40000 WatcherThread [stack: 0x000000001ac70000,0x000000001ad70000] [id=10436]

VM state:not at safepoint (normal execution)

VM Mutex/Monitor currently owned by a thread: None

heap address: 0x0000000080000000, size: 2048 MB, Compressed Oops mode: 32-bit
Narrow klass base: 0x0000000000000000, Narrow klass shift: 3
Compressed class space size: 1073741824 Address: 0x0000000100000000

Heap:
 PSYoungGen      total 370688K, used 200575K [0x00000000d5580000, 0x00000000ed900000, 0x0000000100000000)
  eden space 344576K, 56% used [0x00000000d5580000,0x00000000e149ec18,0x00000000ea600000)
  from space 26112K, 18% used [0x00000000ea600000,0x00000000eaac10c8,0x00000000ebf80000)
  to   space 20992K, 0% used [0x00000000ec480000,0x00000000ec480000,0x00000000ed900000)
 ParOldGen       total 182784K, used 92191K [0x0000000080000000, 0x000000008b280000, 0x00000000d5580000)
  object space 182784K, 50% used [0x0000000080000000,0x0000000085a07e58,0x000000008b280000)
 Metaspace       used 86337K, capacity 90680K, committed 93736K, reserved 1130496K
  class space    used 11722K, capacity 12558K, committed 13360K, reserved 1048576K

Card table byte_map: [0x00000000123e0000,0x00000000127f0000] byte_map_base: 0x0000000011fe0000

Marking Bits: (ParMarkBitMap*) 0x000000006fccf030
 Begin Bits: [0x00000000132a0000, 0x00000000152a0000)
 End Bits:   [0x00000000152a0000, 0x00000000172a0000)

Polling page: 0x0000000002e60000

CodeCache: size=245760Kb used=37608Kb max_used=37622Kb free=208151Kb
 bounds [0x0000000003020000, 0x0000000005540000, 0x0000000012020000]
 total_blobs=12308 nmethods=11447 adapters=772
 compilation: enabled

Compilation events (10 events):
Event: 85.453 Thread 0x0000000019eb1800 14121       2       com.android.tools.r8.code.F1::l (8 bytes)
Event: 85.453 Thread 0x0000000019eb1800 nmethod 14121 0x0000000003f89450 code [0x0000000003f895a0, 0x0000000003f89730]
Event: 85.455 Thread 0x0000000019eb1800 14122       1       com.android.tools.r8.code.p0::o (4 bytes)
Event: 85.455 Thread 0x0000000019eb1800 nmethod 14122 0x0000000003f89190 code [0x0000000003f892e0, 0x0000000003f893f0]
Event: 85.455 Thread 0x0000000019eb1800 14123       1       com.android.tools.r8.code.r::o (4 bytes)
Event: 85.455 Thread 0x0000000019eb1800 nmethod 14123 0x0000000003f88ed0 code [0x0000000003f89020, 0x0000000003f89130]
Event: 85.456 Thread 0x0000000019eb1800 14124       1       com.android.tools.r8.code.B2::o (3 bytes)
Event: 85.457 Thread 0x0000000019eb1800 nmethod 14124 0x0000000003f88c10 code [0x0000000003f88d60, 0x0000000003f88e70]
Event: 85.464 Thread 0x0000000019eb1800 14125       2       com.android.tools.r8.code.I3::a (17 bytes)
Event: 85.465 Thread 0x0000000019eb1800 nmethod 14125 0x0000000004f5d890 code [0x0000000004f5da00, 0x0000000004f5dba8]

GC Heap History (10 events):
Event: 21.402 GC heap before
{Heap before GC invocations=15 (full 3):
 PSYoungGen      total 264192K, used 352K [0x00000000d5580000, 0x00000000e9080000, 0x0000000100000000)
  eden space 243200K, 0% used [0x00000000d5580000,0x00000000d5580000,0x00000000e4300000)
  from space 20992K, 1% used [0x00000000e5780000,0x00000000e57d8000,0x00000000e6c00000)
  to   space 20992K, 0% used [0x00000000e4300000,0x00000000e4300000,0x00000000e5780000)
 ParOldGen       total 67072K, used 42727K [0x0000000080000000, 0x0000000084180000, 0x00000000d5580000)
  object space 67072K, 63% used [0x0000000080000000,0x00000000829b9ef0,0x0000000084180000)
 Metaspace       used 56710K, capacity 59024K, committed 59160K, reserved 1099776K
  class space    used 7770K, capacity 8251K, committed 8368K, reserved 1048576K
Event: 21.668 GC heap after
Heap after GC invocations=15 (full 3):
 PSYoungGen      total 264192K, used 0K [0x00000000d5580000, 0x00000000e9080000, 0x0000000100000000)
  eden space 243200K, 0% used [0x00000000d5580000,0x00000000d5580000,0x00000000e4300000)
  from space 20992K, 0% used [0x00000000e5780000,0x00000000e5780000,0x00000000e6c00000)
  to   space 20992K, 0% used [0x00000000e4300000,0x00000000e4300000,0x00000000e5780000)
 ParOldGen       total 92672K, used 29211K [0x0000000080000000, 0x0000000085a80000, 0x00000000d5580000)
  object space 92672K, 31% used [0x0000000080000000,0x0000000081c86c10,0x0000000085a80000)
 Metaspace       used 56664K, capacity 58868K, committed 59160K, reserved 1099776K
  class space    used 7755K, capacity 8225K, committed 8368K, reserved 1048576K
}
Event: 34.767 GC heap before
{Heap before GC invocations=16 (full 3):
 PSYoungGen      total 264192K, used 243200K [0x00000000d5580000, 0x00000000e9080000, 0x0000000100000000)
  eden space 243200K, 100% used [0x00000000d5580000,0x00000000e4300000,0x00000000e4300000)
  from space 20992K, 0% used [0x00000000e5780000,0x00000000e5780000,0x00000000e6c00000)
  to   space 20992K, 0% used [0x00000000e4300000,0x00000000e4300000,0x00000000e5780000)
 ParOldGen       total 92672K, used 29211K [0x0000000080000000, 0x0000000085a80000, 0x00000000d5580000)
  object space 92672K, 31% used [0x0000000080000000,0x0000000081c86c10,0x0000000085a80000)
 Metaspace       used 65518K, capacity 68610K, committed 68776K, reserved 1107968K
  class space    used 9035K, capacity 9616K, committed 9648K, reserved 1048576K
Event: 34.834 GC heap after
Heap after GC invocations=16 (full 3):
 PSYoungGen      total 264192K, used 17868K [0x00000000d5580000, 0x00000000edb80000, 0x0000000100000000)
  eden space 243200K, 0% used [0x00000000d5580000,0x00000000d5580000,0x00000000e4300000)
  from space 20992K, 85% used [0x00000000e4300000,0x00000000e5473090,0x00000000e5780000)
  to   space 23552K, 0% used [0x00000000ec480000,0x00000000ec480000,0x00000000edb80000)
 ParOldGen       total 92672K, used 29219K [0x0000000080000000, 0x0000000085a80000, 0x00000000d5580000)
  object space 92672K, 31% used [0x0000000080000000,0x0000000081c88c10,0x0000000085a80000)
 Metaspace       used 65518K, capacity 68610K, committed 68776K, reserved 1107968K
  class space    used 9035K, capacity 9616K, committed 9648K, reserved 1048576K
}
Event: 64.051 GC heap before
{Heap before GC invocations=17 (full 3):
 PSYoungGen      total 264192K, used 261068K [0x00000000d5580000, 0x00000000edb80000, 0x0000000100000000)
  eden space 243200K, 100% used [0x00000000d5580000,0x00000000e4300000,0x00000000e4300000)
  from space 20992K, 85% used [0x00000000e4300000,0x00000000e5473090,0x00000000e5780000)
  to   space 23552K, 0% used [0x00000000ec480000,0x00000000ec480000,0x00000000edb80000)
 ParOldGen       total 92672K, used 29219K [0x0000000080000000, 0x0000000085a80000, 0x00000000d5580000)
  object space 92672K, 31% used [0x0000000080000000,0x0000000081c88c10,0x0000000085a80000)
 Metaspace       used 74545K, capacity 77960K, committed 78120K, reserved 1116160K
  class space    used 10129K, capacity 10736K, committed 10800K, reserved 1048576K
Event: 64.122 GC heap after
Heap after GC invocations=17 (full 3):
 PSYoungGen      total 365568K, used 19695K [0x00000000d5580000, 0x00000000ed900000, 0x0000000100000000)
  eden space 344576K, 0% used [0x00000000d5580000,0x00000000d5580000,0x00000000ea600000)
  from space 20992K, 93% used [0x00000000ec480000,0x00000000ed7bbe30,0x00000000ed900000)
  to   space 26112K, 0% used [0x00000000ea600000,0x00000000ea600000,0x00000000ebf80000)
 ParOldGen       total 92672K, used 40559K [0x0000000080000000, 0x0000000085a80000, 0x00000000d5580000)
  object space 92672K, 43% used [0x0000000080000000,0x000000008279bc58,0x0000000085a80000)
 Metaspace       used 74545K, capacity 77960K, committed 78120K, reserved 1116160K
  class space    used 10129K, capacity 10736K, committed 10800K, reserved 1048576K
}
Event: 74.831 GC heap before
{Heap before GC invocations=18 (full 3):
 PSYoungGen      total 365568K, used 364271K [0x00000000d5580000, 0x00000000ed900000, 0x0000000100000000)
  eden space 344576K, 100% used [0x00000000d5580000,0x00000000ea600000,0x00000000ea600000)
  from space 20992K, 93% used [0x00000000ec480000,0x00000000ed7bbe30,0x00000000ed900000)
  to   space 26112K, 0% used [0x00000000ea600000,0x00000000ea600000,0x00000000ebf80000)
 ParOldGen       total 92672K, used 40559K [0x0000000080000000, 0x0000000085a80000, 0x00000000d5580000)
  object space 92672K, 43% used [0x0000000080000000,0x000000008279bc58,0x0000000085a80000)
 Metaspace       used 86356K, capacity 92456K, committed 92584K, reserved 1128448K
  class space    used 11974K, capacity 13148K, committed 13232K, reserved 1048576K
Event: 75.434 GC heap after
Heap after GC invocations=18 (full 3):
 PSYoungGen      total 370688K, used 26105K [0x00000000d5580000, 0x00000000ed900000, 0x0000000100000000)
  eden space 344576K, 0% used [0x00000000d5580000,0x00000000d5580000,0x00000000ea600000)
  from space 26112K, 99% used [0x00000000ea600000,0x00000000ebf7e5d8,0x00000000ebf80000)
  to   space 20992K, 0% used [0x00000000ec480000,0x00000000ec480000,0x00000000ed900000)
 ParOldGen       total 92672K, used 73290K [0x0000000080000000, 0x0000000085a80000, 0x00000000d5580000)
  object space 92672K, 79% used [0x0000000080000000,0x0000000084792920,0x0000000085a80000)
 Metaspace       used 86356K, capacity 92456K, committed 92584K, reserved 1128448K
  class space    used 11974K, capacity 13148K, committed 13232K, reserved 1048576K
}
Event: 75.464 GC heap before
{Heap before GC invocations=19 (full 4):
 PSYoungGen      total 370688K, used 26105K [0x00000000d5580000, 0x00000000ed900000, 0x0000000100000000)
  eden space 344576K, 0% used [0x00000000d5580000,0x00000000d5580000,0x00000000ea600000)
  from space 26112K, 99% used [0x00000000ea600000,0x00000000ebf7e5d8,0x00000000ebf80000)
  to   space 20992K, 0% used [0x00000000ec480000,0x00000000ec480000,0x00000000ed900000)
 ParOldGen       total 92672K, used 73290K [0x0000000080000000, 0x0000000085a80000, 0x00000000d5580000)
  object space 92672K, 79% used [0x0000000080000000,0x0000000084792920,0x0000000085a80000)
 Metaspace       used 86356K, capacity 92456K, committed 92584K, reserved 1128448K
  class space    used 11974K, capacity 13148K, committed 13232K, reserved 1048576K
Event: 81.495 GC heap after
Heap after GC invocations=19 (full 4):
 PSYoungGen      total 370688K, used 4868K [0x00000000d5580000, 0x00000000ed900000, 0x0000000100000000)
  eden space 344576K, 0% used [0x00000000d5580000,0x00000000d5580000,0x00000000ea600000)
  from space 26112K, 18% used [0x00000000ea600000,0x00000000eaac10c8,0x00000000ebf80000)
  to   space 20992K, 0% used [0x00000000ec480000,0x00000000ec480000,0x00000000ed900000)
 ParOldGen       total 182784K, used 92191K [0x0000000080000000, 0x000000008b280000, 0x00000000d5580000)
  object space 182784K, 50% used [0x0000000080000000,0x0000000085a07e58,0x000000008b280000)
 Metaspace       used 84988K, capacity 89136K, committed 92584K, reserved 1128448K
  class space    used 11488K, capacity 12284K, committed 13232K, reserved 1048576K
}

Deoptimization events (10 events):
Event: 84.014 Thread 0x00000000222f5000 Uncommon trap: reason=unstable_if action=reinterpret pc=0x0000000003667200 method=com.android.tools.r8.graph.X.collectIndexedItems(Lcom/android/tools/r8/dex/v;Lcom/android/tools/r8/graph/d0;I)V @ 27
Event: 84.382 Thread 0x00000000222f5000 Uncommon trap: reason=unstable_if action=reinterpret pc=0x0000000005408764 method=com.android.tools.r8.graph.G.b()Lcom/android/tools/r8/graph/N; @ 13
Event: 84.765 Thread 0x000000001b758000 Uncommon trap: reason=unstable_if action=reinterpret pc=0x00000000051ec768 method=com.android.tools.r8.graph.u.equals(Ljava/lang/Object;)Z @ 2
Event: 84.766 Thread 0x000000001b758000 Uncommon trap: reason=unstable_if action=reinterpret pc=0x00000000051db2a0 method=com.android.tools.r8.graph.u.equals(Ljava/lang/Object;)Z @ 27
Event: 84.817 Thread 0x000000001b758000 Uncommon trap: reason=unstable_if action=reinterpret pc=0x00000000032173e8 method=java.util.Arrays.equals([Ljava/lang/Object;[Ljava/lang/Object;)Z @ 47
Event: 84.817 Thread 0x000000001b758000 Uncommon trap: reason=null_check action=make_not_entrant pc=0x0000000004e8764c method=com.android.tools.r8.graph.i0.computeEquals(Ljava/lang/Object;)Z @ 1
Event: 84.932 Thread 0x000000001b758000 Uncommon trap: reason=predicate action=maybe_recompile pc=0x0000000005399614 method=com.android.tools.r8.graph.W0.d(Ljava/util/function/Function;)Lcom/android/tools/r8/utils/q1; @ 63
Event: 85.061 Thread 0x000000001b758000 Uncommon trap: reason=unstable_if action=reinterpret pc=0x000000000431c1b8 method=java.util.TimSort.mergeHi(IIII)V @ 554
Event: 85.067 Thread 0x000000001b758000 Uncommon trap: reason=unstable_if action=reinterpret pc=0x000000000544d33c method=java.util.TimSort.mergeLo(IIII)V @ 487
Event: 85.163 Thread 0x000000001b758000 Uncommon trap: reason=unstable_if action=reinterpret pc=0x00000000051f3e20 method=com.android.tools.r8.dex.m.c(I)V @ 8

Classes redefined (0 events):
No events

Internal exceptions (10 events):
Event: 69.904 Thread 0x000000001d4a3800 Exception <a 'java/lang/NoSuchMethodError': java.lang.Object.lambda$maxBy$1(Ljava/util/Comparator;Ljava/lang/Object;Ljava/lang/Object;)Ljava/lang/Object;> (0x00000000e52aa8e8) thrown at [C:\src\AOSP-openjdk-git\hotspot\src\share\vm\interpreter\linkResolve
Event: 69.904 Thread 0x000000001d4a7000 Exception <a 'java/lang/NoSuchMethodError': java.lang.Object.lambda$maxBy$1(Ljava/util/Comparator;Ljava/lang/Object;Ljava/lang/Object;)Ljava/lang/Object;> (0x00000000e529c9b8) thrown at [C:\src\AOSP-openjdk-git\hotspot\src\share\vm\interpreter\linkResolve
Event: 73.304 Thread 0x000000001d4a1000 Exception <a 'java/lang/NoSuchMethodError': <clinit>> (0x00000000e85212a0) thrown at [C:\src\AOSP-openjdk-git\hotspot\src\share\vm\prims\jni.cpp, line 1615]
Event: 74.687 Thread 0x00000000222f5000 Exception <a 'sun/nio/fs/WindowsException'> (0x00000000e8d5d5d8) thrown at [C:\src\AOSP-openjdk-git\hotspot\src\share\vm\prims\jni.cpp, line 710]
Event: 82.486 Thread 0x000000001b759000 Implicit null exception at 0x000000000396bbef to 0x000000000396bce1
Event: 82.486 Thread 0x000000001b75b000 Implicit null exception at 0x000000000396bbef to 0x000000000396bce1
Event: 82.490 Thread 0x000000001b75d800 Implicit null exception at 0x000000000396bbef to 0x000000000396bce1
Event: 82.509 Thread 0x000000001b759800 Implicit null exception at 0x000000000396bbef to 0x000000000396bce1
Event: 83.987 Thread 0x00000000222f5000 Implicit null exception at 0x0000000005226590 to 0x0000000005229371
Event: 84.817 Thread 0x000000001b758000 Implicit null exception at 0x0000000004e874cf to 0x0000000004e8763d

Events (10 events):
Event: 85.351 Thread 0x0000000019eb1800 flushing nmethod 0x0000000004b42750
Event: 85.351 Thread 0x0000000019eb1800 flushing nmethod 0x0000000004b7c3d0
Event: 85.351 Thread 0x0000000019eb1800 flushing nmethod 0x0000000004b88bd0
Event: 85.351 Thread 0x0000000019eb1800 flushing nmethod 0x0000000004b88f90
Event: 85.351 Thread 0x0000000019eb1800 flushing nmethod 0x0000000004b91a90
Event: 85.351 Thread 0x0000000019eb1800 flushing nmethod 0x0000000004bbdb90
Event: 85.351 Thread 0x0000000019eb1800 flushing nmethod 0x0000000004bc0d50
Event: 85.351 Thread 0x0000000019eb1800 flushing nmethod 0x0000000004be2c90
Event: 85.352 Thread 0x0000000019eb1800 flushing nmethod 0x0000000004d2c450
Event: 85.353 Thread 0x0000000019eb1800 flushing nmethod 0x000000000507df10


Dynamic libraries:
0x00007ff7b78d0000 - 0x00007ff7b7901000 	C:\Program Files\Android\Android Studio\jre\bin\java.exe
0x00007ffc5cdd0000 - 0x00007ffc5cfc5000 	C:\WINDOWS\SYSTEM32\ntdll.dll
0x00007ffc5cb20000 - 0x00007ffc5cbdd000 	C:\WINDOWS\System32\KERNEL32.DLL
0x00007ffc5a700000 - 0x00007ffc5a9c9000 	C:\WINDOWS\System32\KERNELBASE.dll
0x00007ffc5b920000 - 0x00007ffc5b9cc000 	C:\WINDOWS\System32\ADVAPI32.dll
0x00007ffc5ccf0000 - 0x00007ffc5cd8e000 	C:\WINDOWS\System32\msvcrt.dll
0x00007ffc5b0f0000 - 0x00007ffc5b18b000 	C:\WINDOWS\System32\sechost.dll
0x00007ffc5ae90000 - 0x00007ffc5afba000 	C:\WINDOWS\System32\RPCRT4.dll
0x00007ffc5b210000 - 0x00007ffc5b3b0000 	C:\WINDOWS\System32\USER32.dll
0x00007ffc5ac10000 - 0x00007ffc5ac32000 	C:\WINDOWS\System32\win32u.dll
0x00007ffc5ccc0000 - 0x00007ffc5ccea000 	C:\WINDOWS\System32\GDI32.dll
0x00007ffc5a9d0000 - 0x00007ffc5aadb000 	C:\WINDOWS\System32\gdi32full.dll
0x00007ffc5a550000 - 0x00007ffc5a5ed000 	C:\WINDOWS\System32\msvcp_win.dll
0x00007ffc5aae0000 - 0x00007ffc5abe0000 	C:\WINDOWS\System32\ucrtbase.dll
0x00007ffc37af0000 - 0x00007ffc37d8a000 	C:\WINDOWS\WinSxS\amd64_microsoft.windows.common-controls_6595b64144ccf1df_6.0.19041.1110_none_60b5254171f9507e\COMCTL32.dll
0x00007ffc5b4e0000 - 0x00007ffc5b510000 	C:\WINDOWS\System32\IMM32.DLL
0x000000006f280000 - 0x000000006f352000 	C:\Program Files\Android\Android Studio\jre\jre\bin\msvcr100.dll
0x000000006f500000 - 0x000000006fd4b000 	C:\Program Files\Android\Android Studio\jre\jre\bin\server\jvm.dll
0x00007ffc5c600000 - 0x00007ffc5c608000 	C:\WINDOWS\System32\PSAPI.DLL
0x00007ffc38460000 - 0x00007ffc38469000 	C:\WINDOWS\SYSTEM32\WSOCK32.dll
0x00007ffc4ff30000 - 0x00007ffc4ff3a000 	C:\WINDOWS\SYSTEM32\VERSION.dll
0x00007ffc3de90000 - 0x00007ffc3deb7000 	C:\WINDOWS\SYSTEM32\WINMM.dll
0x00007ffc5b650000 - 0x00007ffc5b6bb000 	C:\WINDOWS\System32\WS2_32.dll
0x00007ffc50dd0000 - 0x00007ffc50ddf000 	C:\Program Files\Android\Android Studio\jre\jre\bin\verify.dll
0x00007ffc50440000 - 0x00007ffc50469000 	C:\Program Files\Android\Android Studio\jre\jre\bin\java.dll
0x00007ffc50db0000 - 0x00007ffc50dc6000 	C:\Program Files\Android\Android Studio\jre\jre\bin\zip.dll
0x00007ffc5bec0000 - 0x00007ffc5c5ff000 	C:\WINDOWS\System32\SHELL32.dll
0x00007ffc58310000 - 0x00007ffc58aa0000 	C:\WINDOWS\SYSTEM32\windows.storage.dll
0x00007ffc5c610000 - 0x00007ffc5c965000 	C:\WINDOWS\System32\combase.dll
0x00007ffc59e90000 - 0x00007ffc59ebc000 	C:\WINDOWS\SYSTEM32\Wldp.dll
0x00007ffc5cbe0000 - 0x00007ffc5cc8e000 	C:\WINDOWS\System32\SHCORE.dll
0x00007ffc5be60000 - 0x00007ffc5beb5000 	C:\WINDOWS\System32\shlwapi.dll
0x00007ffc5a440000 - 0x00007ffc5a45f000 	C:\WINDOWS\SYSTEM32\profapi.dll
0x00007ffc4e660000 - 0x00007ffc4e67a000 	C:\Program Files\Android\Android Studio\jre\jre\bin\net.dll
0x00007ffc59bf0000 - 0x00007ffc59c5a000 	C:\WINDOWS\system32\mswsock.dll
0x00007ffc4e5d0000 - 0x00007ffc4e5e3000 	C:\Program Files\Android\Android Studio\jre\jre\bin\nio.dll
0x00007ffc501b0000 - 0x00007ffc501d7000 	C:\Users\Admin\.gradle\native\f6784746aeab05261644944871eae4fe03e0ef1612fff0a4a95f87b438bc6780\windows-amd64\native-platform.dll
0x00007ffc503d0000 - 0x00007ffc503dd000 	C:\Program Files\Android\Android Studio\jre\jre\bin\management.dll
0x00007ffc59de0000 - 0x00007ffc59df8000 	C:\WINDOWS\SYSTEM32\CRYPTSP.dll
0x00007ffc59570000 - 0x00007ffc595a4000 	C:\WINDOWS\system32\rsaenh.dll
0x00007ffc5abe0000 - 0x00007ffc5ac07000 	C:\WINDOWS\System32\bcrypt.dll
0x00007ffc5a370000 - 0x00007ffc5a39e000 	C:\WINDOWS\SYSTEM32\USERENV.dll
0x00007ffc5ada0000 - 0x00007ffc5ae23000 	C:\WINDOWS\System32\bcryptprimitives.dll
0x00007ffc59e00000 - 0x00007ffc59e0c000 	C:\WINDOWS\SYSTEM32\CRYPTBASE.dll
0x00007ffc598e0000 - 0x00007ffc5991b000 	C:\WINDOWS\SYSTEM32\IPHLPAPI.DLL
0x00007ffc5cc90000 - 0x00007ffc5cc98000 	C:\WINDOWS\System32\NSI.dll
0x00007ffc54d10000 - 0x00007ffc54d27000 	C:\WINDOWS\SYSTEM32\dhcpcsvc6.DLL
0x00007ffc54cf0000 - 0x00007ffc54d0d000 	C:\WINDOWS\SYSTEM32\dhcpcsvc.DLL
0x00007ffc59920000 - 0x00007ffc599ec000 	C:\WINDOWS\SYSTEM32\DNSAPI.dll
0x00007ffc4fbd0000 - 0x00007ffc4fbdb000 	C:\WINDOWS\SYSTEM32\WINNSI.DLL

VM Arguments:
jvm_args: -Xmx2048m -Dfile.encoding=UTF-8 -Duser.country=US -Duser.language=en -Duser.variant 
java_command: org.gradle.launcher.daemon.bootstrap.GradleDaemon 6.5
java_class_path (initial): C:\Users\Admin\.gradle\wrapper\dists\gradle-6.5-bin\6nifqtx7604sqp1q6g8wikw7p\gradle-6.5\lib\gradle-launcher-6.5.jar
Launcher Type: SUN_STANDARD

Environment Variables:
USERNAME=Admin
OS=Windows_NT
PROCESSOR_IDENTIFIER=Intel64 Family 6 Model 142 Stepping 11, GenuineIntel



---------------  S Y S T E M  ---------------

OS: Windows 10.0 , 64 bit Build 19041 (10.0.19041.1151)

CPU:total 8 (initial active 8) (4 cores per cpu, 2 threads per core) family 6 model 142 stepping 11, cmov, cx8, fxsr, mmx, sse, sse2, sse3, ssse3, sse4.1, sse4.2, popcnt, avx, avx2, aes, clmul, erms, 3dnowpref, lzcnt, ht, tsc, tscinvbit, bmi1, bmi2, adx

Memory: 4k page, physical 8273204k(318844k free), swap 12369204k(2088k free)

vm_info: OpenJDK 64-Bit Server VM (25.242-b01) for windows-amd64 JRE (1.8.0_242-release-1644-b01), built by "builder" with MS VC++ 10.0 (VS2010)

time: Sat Sep 04 14:47:01 2021
timezone: SE Asia Standard Time
elapsed time: 85 seconds (0d 0h 1m 25s)

