#
# There is insufficient memory for the Java Runtime Environment to continue.
# Native memory allocation (malloc) failed to allocate 207296 bytes for Chunk::new
# Possible reasons:
#   The system is out of physical RAM or swap space
#   The process is running with CompressedOops enabled, and the Java Heap may be blocking the growth of the native heap
# Possible solutions:
#   Reduce memory load on the system
#   Increase physical memory or swap space
#   Check if swap backing store is full
#   Decrease Java heap size (-Xmx/-Xms)
#   Decrease number of Java threads
#   Decrease Java thread stack sizes (-Xss)
#   Set larger code cache with -XX:ReservedCodeCacheSize=
#   JVM is running with Unscaled Compressed Oops mode in which the Java heap is
#     placed in the first 4GB address space. The Java Heap base address is the
#     maximum limit for the native heap growth. Please use -XX:HeapBaseMinAddress
#     to set the Java Heap base and to place the Java Heap above 4GB virtual address.
# This output file may be truncated or incomplete.
#
#  Out of Memory Error (allocation.cpp:389), pid=4808, tid=0x0000000000001f3c
#
# JRE version: OpenJDK Runtime Environment (8.0_242-b01) (build 1.8.0_242-release-1644-b01)
# Java VM: OpenJDK 64-Bit Server VM (25.242-b01 mixed mode windows-amd64 compressed oops)
# Failed to write core dump. Minidumps are not enabled by default on client versions of Windows
#

---------------  T H R E A D  ---------------

Current thread (0x000000001a294000):  JavaThread "C2 CompilerThread1" daemon [_thread_in_native, id=7996, stack(0x000000001ac60000,0x000000001ad60000)]

Stack: [0x000000001ac60000,0x000000001ad60000]
[error occurred during error reporting (printing stack bounds), id 0xc0000005]

Native frames: (J=compiled Java code, j=interpreted, Vv=VM code, C=native code)


Current CompileTask:
C2: 155231 10883       4       org.gradle.internal.service.DefaultServiceRegistry$OwnServices::getService (309 bytes)


---------------  P R O C E S S  ---------------

Java Threads: ( => current thread )
  0x000000002223f800 JavaThread "Cache worker for file hash cache (D:\InstagramApp\.gradle\6.5\fileHashes)" [_thread_blocked, id=13336, stack(0x000000001ed80000,0x000000001ee80000)]
  0x0000000022238000 JavaThread "Thread-137" [_thread_blocked, id=14528, stack(0x000000001ec80000,0x000000001ed80000)]
  0x000000002223e000 JavaThread "Stdin handler" [_thread_blocked, id=7616, stack(0x000000001eb80000,0x000000001ec80000)]
  0x000000002223e800 JavaThread "Asynchronous log dispatcher for DefaultDaemonConnection: socket connection from /127.0.0.1:63121 to /127.0.0.1:63147" [_thread_blocked, id=13948, stack(0x000000001ea80000,0x000000001eb80000)]
  0x000000002223b800 JavaThread "Daemon worker Thread 2" [_thread_in_native, id=16700, stack(0x000000001e680000,0x000000001e780000)]
  0x000000002223d000 JavaThread "Cancel handler" [_thread_blocked, id=7196, stack(0x00000000017d0000,0x00000000018d0000)]
  0x000000002223b000 JavaThread "Handler for socket connection from /127.0.0.1:63121 to /127.0.0.1:63147" [_thread_in_native, id=8580, stack(0x00000000016d0000,0x00000000017d0000)]
  0x000000002223c800 JavaThread "Daemon Thread 2" [_thread_blocked, id=6644, stack(0x00000000015d0000,0x00000000016d0000)]
  0x0000000022418800 JavaThread "Memory manager" [_thread_blocked, id=12108, stack(0x000000002ba50000,0x000000002bb50000)]
  0x000000001cd39000 JavaThread "Cache worker for file content cache (C:\Users\Admin\.gradle\caches\6.5\fileContent)" [_thread_blocked, id=15124, stack(0x0000000023680000,0x0000000023780000)]
  0x000000001cd36000 JavaThread "Cache worker for execution history cache (C:\Users\Admin\.gradle\caches\6.5\executionHistory)" [_thread_blocked, id=12112, stack(0x0000000022e80000,0x0000000022f80000)]
  0x000000001cd35000 JavaThread "Cache worker for file hash cache (C:\Users\Admin\.gradle\caches\6.5\fileHashes)" [_thread_blocked, id=11524, stack(0x000000001f280000,0x000000001f380000)]
  0x000000001cd3a800 JavaThread "File lock request listener" [_thread_in_native, id=1552, stack(0x000000001f180000,0x000000001f280000)]
  0x000000001b444000 JavaThread "Cache worker for journal cache (C:\Users\Admin\.gradle\caches\journal-1)" [_thread_blocked, id=9372, stack(0x000000001f080000,0x000000001f180000)]
  0x000000001cc85000 JavaThread "Daemon periodic checks" [_thread_blocked, id=4940, stack(0x000000001e380000,0x000000001e480000)]
  0x000000001cb63000 JavaThread "Incoming local TCP Connector on port 63121" [_thread_in_native, id=2760, stack(0x000000001e140000,0x000000001e240000)]
  0x000000001cbcc800 JavaThread "Daemon health stats" [_thread_blocked, id=9316, stack(0x000000001db00000,0x000000001dc00000)]
  0x000000001a32e000 JavaThread "Service Thread" daemon [_thread_blocked, id=13976, stack(0x000000001af60000,0x000000001b060000)]
  0x000000001a2a9000 JavaThread "C1 CompilerThread3" daemon [_thread_blocked, id=1860, stack(0x000000001ae60000,0x000000001af60000)]
  0x000000001a2a3000 JavaThread "C2 CompilerThread2" daemon [_thread_blocked, id=3036, stack(0x000000001ad60000,0x000000001ae60000)]
=>0x000000001a294000 JavaThread "C2 CompilerThread1" daemon [_thread_in_native, id=7996, stack(0x000000001ac60000,0x000000001ad60000)]
  0x000000001a291000 JavaThread "C2 CompilerThread0" daemon [_thread_blocked, id=11844, stack(0x000000001ab60000,0x000000001ac60000)]
  0x000000001a28f800 JavaThread "Attach Listener" daemon [_thread_blocked, id=8164, stack(0x000000001aa60000,0x000000001ab60000)]
  0x000000001a28e000 JavaThread "Signal Dispatcher" daemon [_thread_blocked, id=16796, stack(0x000000001a960000,0x000000001aa60000)]
  0x00000000033fd000 JavaThread "Finalizer" daemon [_thread_blocked, id=16660, stack(0x000000001a760000,0x000000001a860000)]
  0x000000001a280800 JavaThread "Reference Handler" daemon [_thread_blocked, id=14220, stack(0x000000001a660000,0x000000001a760000)]
  0x0000000003302800 JavaThread "main" [_thread_blocked, id=9840, stack(0x0000000003200000,0x0000000003300000)]

Other Threads:
  0x0000000018466800 VMThread [stack: 0x000000001a160000,0x000000001a260000] [id=4540]
  0x000000001a32f000 WatcherThread [stack: 0x000000001b060000,0x000000001b160000] [id=15620]

VM state:not at safepoint (normal execution)

VM Mutex/Monitor currently owned by a thread: None

heap address: 0x0000000080000000, size: 2048 MB, Compressed Oops mode: 32-bit
Narrow klass base: 0x0000000000000000, Narrow klass shift: 3
Compressed class space size: 1073741824 Address: 0x0000000100000000

Heap:
 PSYoungGen      total 278528K, used 190924K [0x00000000d5580000, 0x00000000ec080000, 0x0000000100000000)
  eden space 254976K, 74% used [0x00000000d5580000,0x00000000e0ff3318,0x00000000e4e80000)
  from space 23552K, 0% used [0x00000000e7d00000,0x00000000e7d00000,0x00000000e9400000)
  to   space 47616K, 0% used [0x00000000e4e80000,0x00000000e4e80000,0x00000000e7d00000)
 ParOldGen       total 233472K, used 105480K [0x0000000080000000, 0x000000008e400000, 0x00000000d5580000)
  object space 233472K, 45% used [0x0000000080000000,0x0000000086702140,0x000000008e400000)
 Metaspace       used 78215K, capacity 82068K, committed 82712K, reserved 1120256K
  class space    used 10651K, capacity 11391K, committed 11568K, reserved 1048576K

Card table byte_map: [0x00000000127c0000,0x0000000012bd0000] byte_map_base: 0x00000000123c0000

Marking Bits: (ParMarkBitMap*) 0x000000006fccf030
 Begin Bits: [0x0000000013680000, 0x0000000015680000)
 End Bits:   [0x0000000015680000, 0x0000000017680000)

Polling page: 0x0000000001960000

CodeCache: size=245760Kb used=28059Kb max_used=28642Kb free=217700Kb
 bounds [0x0000000003400000, 0x0000000005020000, 0x0000000012400000]
 total_blobs=9806 nmethods=8985 adapters=733
 compilation: enabled

Compilation events (10 events):
Event: 155.183 Thread 0x000000001a2a3000 10881       4       java.io.File::isInvalid (47 bytes)
Event: 155.185 Thread 0x000000001a2a9000 nmethod 10880 0x0000000004e681d0 code [0x0000000004e68400, 0x0000000004e690e8]
Event: 155.185 Thread 0x000000001a294000 10883       4       org.gradle.internal.service.DefaultServiceRegistry$OwnServices::getService (309 bytes)
Event: 155.185 Thread 0x000000001a2a9000 10882       3       org.gradle.internal.service.DefaultServiceRegistry$OwnServices::getAll (46 bytes)
Event: 155.186 Thread 0x000000001a2a9000 nmethod 10882 0x0000000004bde8d0 code [0x0000000004bdeac0, 0x0000000004bdf3c8]
Event: 155.186 Thread 0x000000001a2a9000 10884       3       org.gradle.internal.event.DefaultListenerManager$ListenerDetails::endNotification (8 bytes)
Event: 155.186 Thread 0x000000001a2a9000 nmethod 10884 0x0000000003fbe390 code [0x0000000003fbe500, 0x0000000003fbe808]
Event: 155.187 Thread 0x000000001a2a3000 nmethod 10881 0x00000000046d5690 code [0x00000000046d57e0, 0x00000000046d5978]
Event: 155.187 Thread 0x000000001a2a9000 10885       3       org.gradle.internal.event.DefaultListenerManager$EventBroadcast$ListenerDispatch::<init> (16 bytes)
Event: 155.188 Thread 0x000000001a2a9000 nmethod 10885 0x0000000004f12cd0 code [0x0000000004f12e40, 0x0000000004f13090]

GC Heap History (10 events):
Event: 15.720 GC heap before
{Heap before GC invocations=14 (full 2):
 PSYoungGen      total 190464K, used 26492K [0x00000000d5580000, 0x00000000e5800000, 0x0000000100000000)
  eden space 176640K, 7% used [0x00000000d5580000,0x00000000d61e45e0,0x00000000e0200000)
  from space 13824K, 99% used [0x00000000e0200000,0x00000000e0f7ab08,0x00000000e0f80000)
  to   space 20480K, 0% used [0x00000000e4400000,0x00000000e4400000,0x00000000e5800000)
 ParOldGen       total 73728K, used 30800K [0x0000000080000000, 0x0000000084800000, 0x00000000d5580000)
  object space 73728K, 41% used [0x0000000080000000,0x0000000081e14260,0x0000000084800000)
 Metaspace       used 56506K, capacity 58912K, committed 59160K, reserved 1099776K
  class space    used 7736K, capacity 8217K, committed 8240K, reserved 1048576K
Event: 15.735 GC heap after
Heap after GC invocations=14 (full 2):
 PSYoungGen      total 244224K, used 1216K [0x00000000d5580000, 0x00000000e5b80000, 0x0000000100000000)
  eden space 223744K, 0% used [0x00000000d5580000,0x00000000d5580000,0x00000000e3000000)
  from space 20480K, 5% used [0x00000000e4400000,0x00000000e4530000,0x00000000e5800000)
  to   space 20480K, 0% used [0x00000000e3000000,0x00000000e3000000,0x00000000e4400000)
 ParOldGen       total 73728K, used 41816K [0x0000000080000000, 0x0000000084800000, 0x00000000d5580000)
  object space 73728K, 56% used [0x0000000080000000,0x00000000828d61a8,0x0000000084800000)
 Metaspace       used 56506K, capacity 58912K, committed 59160K, reserved 1099776K
  class space    used 7736K, capacity 8217K, committed 8240K, reserved 1048576K
}
Event: 15.735 GC heap before
{Heap before GC invocations=15 (full 3):
 PSYoungGen      total 244224K, used 1216K [0x00000000d5580000, 0x00000000e5b80000, 0x0000000100000000)
  eden space 223744K, 0% used [0x00000000d5580000,0x00000000d5580000,0x00000000e3000000)
  from space 20480K, 5% used [0x00000000e4400000,0x00000000e4530000,0x00000000e5800000)
  to   space 20480K, 0% used [0x00000000e3000000,0x00000000e3000000,0x00000000e4400000)
 ParOldGen       total 73728K, used 41816K [0x0000000080000000, 0x0000000084800000, 0x00000000d5580000)
  object space 73728K, 56% used [0x0000000080000000,0x00000000828d61a8,0x0000000084800000)
 Metaspace       used 56506K, capacity 58912K, committed 59160K, reserved 1099776K
  class space    used 7736K, capacity 8217K, committed 8240K, reserved 1048576K
Event: 16.087 GC heap after
Heap after GC invocations=15 (full 3):
 PSYoungGen      total 244224K, used 0K [0x00000000d5580000, 0x00000000e5b80000, 0x0000000100000000)
  eden space 223744K, 0% used [0x00000000d5580000,0x00000000d5580000,0x00000000e3000000)
  from space 20480K, 0% used [0x00000000e4400000,0x00000000e4400000,0x00000000e5800000)
  to   space 20480K, 0% used [0x00000000e3000000,0x00000000e3000000,0x00000000e4400000)
 ParOldGen       total 110592K, used 29730K [0x0000000080000000, 0x0000000086c00000, 0x00000000d5580000)
  object space 110592K, 26% used [0x0000000080000000,0x0000000081d08968,0x0000000086c00000)
 Metaspace       used 56462K, capacity 58762K, committed 59160K, reserved 1099776K
  class space    used 7723K, capacity 8192K, committed 8240K, reserved 1048576K
}
Event: 21.281 GC heap before
{Heap before GC invocations=16 (full 3):
 PSYoungGen      total 244224K, used 223744K [0x00000000d5580000, 0x00000000e5b80000, 0x0000000100000000)
  eden space 223744K, 100% used [0x00000000d5580000,0x00000000e3000000,0x00000000e3000000)
  from space 20480K, 0% used [0x00000000e4400000,0x00000000e4400000,0x00000000e5800000)
  to   space 20480K, 0% used [0x00000000e3000000,0x00000000e3000000,0x00000000e4400000)
 ParOldGen       total 110592K, used 29730K [0x0000000080000000, 0x0000000086c00000, 0x00000000d5580000)
  object space 110592K, 26% used [0x0000000080000000,0x0000000081d08968,0x0000000086c00000)
 Metaspace       used 64102K, capacity 67362K, committed 67608K, reserved 1107968K
  class space    used 8849K, capacity 9488K, committed 9520K, reserved 1048576K
Event: 21.305 GC heap after
Heap after GC invocations=16 (full 3):
 PSYoungGen      total 244224K, used 19927K [0x00000000d5580000, 0x00000000e9400000, 0x0000000100000000)
  eden space 223744K, 0% used [0x00000000d5580000,0x00000000d5580000,0x00000000e3000000)
  from space 20480K, 97% used [0x00000000e3000000,0x00000000e4375ed8,0x00000000e4400000)
  to   space 23552K, 0% used [0x00000000e7d00000,0x00000000e7d00000,0x00000000e9400000)
 ParOldGen       total 110592K, used 29738K [0x0000000080000000, 0x0000000086c00000, 0x00000000d5580000)
  object space 110592K, 26% used [0x0000000080000000,0x0000000081d0a968,0x0000000086c00000)
 Metaspace       used 64102K, capacity 67362K, committed 67608K, reserved 1107968K
  class space    used 8849K, capacity 9488K, committed 9520K, reserved 1048576K
}
Event: 26.325 GC heap before
{Heap before GC invocations=17 (full 3):
 PSYoungGen      total 244224K, used 243671K [0x00000000d5580000, 0x00000000e9400000, 0x0000000100000000)
  eden space 223744K, 100% used [0x00000000d5580000,0x00000000e3000000,0x00000000e3000000)
  from space 20480K, 97% used [0x00000000e3000000,0x00000000e4375ed8,0x00000000e4400000)
  to   space 23552K, 0% used [0x00000000e7d00000,0x00000000e7d00000,0x00000000e9400000)
 ParOldGen       total 110592K, used 29738K [0x0000000080000000, 0x0000000086c00000, 0x00000000d5580000)
  object space 110592K, 26% used [0x0000000080000000,0x0000000081d0a968,0x0000000086c00000)
 Metaspace       used 71248K, capacity 75370K, committed 75544K, reserved 1114112K
  class space    used 9984K, capacity 10752K, committed 10800K, reserved 1048576K
Event: 26.399 GC heap after
Heap after GC invocations=17 (full 3):
 PSYoungGen      total 278528K, used 23539K [0x00000000d5580000, 0x00000000ec080000, 0x0000000100000000)
  eden space 254976K, 0% used [0x00000000d5580000,0x00000000d5580000,0x00000000e4e80000)
  from space 23552K, 99% used [0x00000000e7d00000,0x00000000e93fce90,0x00000000e9400000)
  to   space 47616K, 0% used [0x00000000e4e80000,0x00000000e4e80000,0x00000000e7d00000)
 ParOldGen       total 110592K, used 83816K [0x0000000080000000, 0x0000000086c00000, 0x00000000d5580000)
  object space 110592K, 75% used [0x0000000080000000,0x00000000851da2d8,0x0000000086c00000)
 Metaspace       used 71248K, capacity 75370K, committed 75544K, reserved 1114112K
  class space    used 9984K, capacity 10752K, committed 10800K, reserved 1048576K
}
Event: 26.399 GC heap before
{Heap before GC invocations=18 (full 4):
 PSYoungGen      total 278528K, used 23539K [0x00000000d5580000, 0x00000000ec080000, 0x0000000100000000)
  eden space 254976K, 0% used [0x00000000d5580000,0x00000000d5580000,0x00000000e4e80000)
  from space 23552K, 99% used [0x00000000e7d00000,0x00000000e93fce90,0x00000000e9400000)
  to   space 47616K, 0% used [0x00000000e4e80000,0x00000000e4e80000,0x00000000e7d00000)
 ParOldGen       total 110592K, used 83816K [0x0000000080000000, 0x0000000086c00000, 0x00000000d5580000)
  object space 110592K, 75% used [0x0000000080000000,0x00000000851da2d8,0x0000000086c00000)
 Metaspace       used 71248K, capacity 75370K, committed 75544K, reserved 1114112K
  class space    used 9984K, capacity 10752K, committed 10800K, reserved 1048576K
Event: 27.373 GC heap after
Heap after GC invocations=18 (full 4):
 PSYoungGen      total 278528K, used 0K [0x00000000d5580000, 0x00000000ec080000, 0x0000000100000000)
  eden space 254976K, 0% used [0x00000000d5580000,0x00000000d5580000,0x00000000e4e80000)
  from space 23552K, 0% used [0x00000000e7d00000,0x00000000e7d00000,0x00000000e9400000)
  to   space 47616K, 0% used [0x00000000e4e80000,0x00000000e4e80000,0x00000000e7d00000)
 ParOldGen       total 233472K, used 105480K [0x0000000080000000, 0x000000008e400000, 0x00000000d5580000)
  object space 233472K, 45% used [0x0000000080000000,0x0000000086702140,0x000000008e400000)
 Metaspace       used 70907K, capacity 74386K, committed 75544K, reserved 1114112K
  class space    used 9872K, capacity 10556K, committed 10800K, reserved 1048576K
}

Deoptimization events (10 events):
Event: 33.678 Thread 0x000000001b1d9800 Uncommon trap: reason=null_check action=make_not_entrant pc=0x000000000361a758 method=java.lang.ThreadLocal$ThreadLocalMap.getEntryAfterMiss(Ljava/lang/ThreadLocal;ILjava/lang/ThreadLocal$ThreadLocalMap$Entry;)Ljava/lang/ThreadLocal$ThreadLocalMap$Entry; 
Event: 33.684 Thread 0x000000001b1d9800 Uncommon trap: reason=class_check action=maybe_recompile pc=0x00000000047ce5e0 method=java.util.HashMap.removeNode(ILjava/lang/Object;Ljava/lang/Object;ZZ)Ljava/util/HashMap$Node; @ 68
Event: 33.790 Thread 0x000000001b1d9800 Uncommon trap: reason=unstable_if action=reinterpret pc=0x0000000004708d18 method=org.gradle.internal.logging.slf4j.OutputEventListenerBackedLogger.isLevelAtMost(Lorg/gradle/api/logging/LogLevel;)Z @ 11
Event: 33.810 Thread 0x000000001cc16000 Uncommon trap: reason=unstable_if action=reinterpret pc=0x00000000049503ec method=com.esotericsoftware.kryo.io.Input.require(I)I @ 180
Event: 72.373 Thread 0x000000001cc85000 Uncommon trap: reason=bimorphic action=maybe_recompile pc=0x0000000004779d78 method=java.util.HashMap.removeNode(ILjava/lang/Object;Ljava/lang/Object;ZZ)Ljava/util/HashMap$Node; @ 283
Event: 72.373 Thread 0x000000001cc85000 Uncommon trap: reason=bimorphic action=maybe_recompile pc=0x0000000004779d78 method=java.util.HashMap.removeNode(ILjava/lang/Object;Ljava/lang/Object;ZZ)Ljava/util/HashMap$Node; @ 283
Event: 72.378 Thread 0x000000001cc85000 Uncommon trap: reason=bimorphic action=maybe_recompile pc=0x0000000004779d78 method=java.util.HashMap.removeNode(ILjava/lang/Object;Ljava/lang/Object;ZZ)Ljava/util/HashMap$Node; @ 283
Event: 102.375 Thread 0x000000001cc85000 Uncommon trap: reason=bimorphic action=maybe_recompile pc=0x0000000004779d78 method=java.util.HashMap.removeNode(ILjava/lang/Object;Ljava/lang/Object;ZZ)Ljava/util/HashMap$Node; @ 283
Event: 102.375 Thread 0x000000001cc85000 Uncommon trap: reason=bimorphic action=maybe_recompile pc=0x00000000047347cc method=java.util.HashMap.removeNode(ILjava/lang/Object;Ljava/lang/Object;ZZ)Ljava/util/HashMap$Node; @ 283
Event: 155.186 Thread 0x000000002223b800 Uncommon trap: reason=unstable_if action=reinterpret pc=0x000000000496f724 method=org.gradle.cache.internal.DefaultCrossBuildInMemoryCacheFactory$AbstractCrossBuildInMemoryCache.getIfPresent(Ljava/lang/Object;)Ljava/lang/Object; @ 24

Classes redefined (0 events):
No events

Internal exceptions (10 events):
Event: 26.282 Thread 0x0000000020e89800 Implicit null exception at 0x00000000042594fc to 0x0000000004259acd
Event: 28.103 Thread 0x0000000020e89800 Exception <a 'sun/nio/fs/WindowsException'> (0x00000000d9b9ba28) thrown at [C:\src\AOSP-openjdk-git\hotspot\src\share\vm\prims\jni.cpp, line 710]
Event: 28.398 Thread 0x0000000020e89800 Exception <a 'java/lang/InterruptedException'> (0x00000000d9ba54d0) thrown at [C:\src\AOSP-openjdk-git\hotspot\src\share\vm\runtime\objectMonitor.cpp, line 1491]
Event: 28.602 Thread 0x0000000022417800 Implicit null exception at 0x000000000383bb4c to 0x000000000383c1c5
Event: 32.070 Thread 0x0000000022414800 Exception <a 'java/lang/NoSuchMethodError': <clinit>> (0x00000000dd3570e8) thrown at [C:\src\AOSP-openjdk-git\hotspot\src\share\vm\prims\jni.cpp, line 1615]
Event: 32.137 Thread 0x0000000020e87000 Exception <a 'java/lang/NoSuchMethodError': java.lang.Object.lambda$asRunnable$0(Lcom/android/tools/build/apkzlib/utils/IOExceptionRunnable;)V> (0x00000000dd4115f0) thrown at [C:\src\AOSP-openjdk-git\hotspot\src\share\vm\interpreter\linkResolver.cpp, line
Event: 32.348 Thread 0x0000000020e87000 Exception <a 'java/lang/NoSuchMethodError': java.lang.Object.newSystemTemporaryDirectory()Lcom/android/tools/build/apkzlib/bytestorage/TemporaryDirectory;> (0x00000000dd54fb00) thrown at [C:\src\AOSP-openjdk-git\hotspot\src\share\vm\interpreter\linkResolv
Event: 33.067 Thread 0x0000000020e87000 Exception <a 'java/lang/NoSuchMethodError': java.lang.Object.lambda$static$0(Lcom/android/apksig/util/RunnablesProvider;)V> (0x00000000dd8b8a18) thrown at [C:\src\AOSP-openjdk-git\hotspot\src\share\vm\interpreter\linkResolver.cpp, line 620]
Event: 33.668 Thread 0x000000001b1d9800 Implicit null exception at 0x000000000498806c to 0x00000000049880b5
Event: 33.678 Thread 0x000000001b1d9800 Implicit null exception at 0x000000000361a277 to 0x000000000361a739

Events (10 events):
Event: 155.140 Executing VM operation: RevokeBias done
Event: 155.167 Thread 0x000000002223d000 Thread added: 0x000000002223d000
Event: 155.171 Thread 0x000000002223b800 Thread added: 0x000000002223b800
Event: 155.177 Thread 0x000000002223e800 Thread added: 0x000000002223e800
Event: 155.179 Thread 0x000000002223e000 Thread added: 0x000000002223e000
Event: 155.181 Thread 0x0000000022238000 Thread added: 0x0000000022238000
Event: 155.186 Thread 0x000000002223b800 Uncommon trap: trap_request=0xffffff65 fr.pc=0x000000000496f724
Event: 155.186 Thread 0x000000002223b800 DEOPT PACKING pc=0x000000000496f724 sp=0x000000001e77bb30
Event: 155.186 Thread 0x000000002223b800 DEOPT UNPACKING pc=0x000000000344557b sp=0x000000001e77bae0 mode 2
Event: 155.188 Thread 0x000000002223f800 Thread added: 0x000000002223f800


Dynamic libraries:
0x00007ff7b78d0000 - 0x00007ff7b7901000 	C:\Program Files\Android\Android Studio\jre\bin\java.exe
0x00007ffc5cdd0000 - 0x00007ffc5cfc5000 	C:\WINDOWS\SYSTEM32\ntdll.dll
0x00007ffc5cb20000 - 0x00007ffc5cbdd000 	C:\WINDOWS\System32\KERNEL32.DLL
0x00007ffc5a700000 - 0x00007ffc5a9c9000 	C:\WINDOWS\System32\KERNELBASE.dll
0x00007ffc5b920000 - 0x00007ffc5b9cc000 	C:\WINDOWS\System32\ADVAPI32.dll
0x00007ffc5ccf0000 - 0x00007ffc5cd8e000 	C:\WINDOWS\System32\msvcrt.dll
0x00007ffc5b0f0000 - 0x00007ffc5b18b000 	C:\WINDOWS\System32\sechost.dll
0x00007ffc5ae90000 - 0x00007ffc5afba000 	C:\WINDOWS\System32\RPCRT4.dll
0x00007ffc5b210000 - 0x00007ffc5b3b0000 	C:\WINDOWS\System32\USER32.dll
0x00007ffc5ac10000 - 0x00007ffc5ac32000 	C:\WINDOWS\System32\win32u.dll
0x00007ffc5ccc0000 - 0x00007ffc5ccea000 	C:\WINDOWS\System32\GDI32.dll
0x00007ffc5a9d0000 - 0x00007ffc5aadb000 	C:\WINDOWS\System32\gdi32full.dll
0x00007ffc5a550000 - 0x00007ffc5a5ed000 	C:\WINDOWS\System32\msvcp_win.dll
0x00007ffc5aae0000 - 0x00007ffc5abe0000 	C:\WINDOWS\System32\ucrtbase.dll
0x00007ffc37af0000 - 0x00007ffc37d8a000 	C:\WINDOWS\WinSxS\amd64_microsoft.windows.common-controls_6595b64144ccf1df_6.0.19041.1110_none_60b5254171f9507e\COMCTL32.dll
0x00007ffc5b4e0000 - 0x00007ffc5b510000 	C:\WINDOWS\System32\IMM32.DLL
0x000000006f280000 - 0x000000006f352000 	C:\Program Files\Android\Android Studio\jre\jre\bin\msvcr100.dll
0x000000006f500000 - 0x000000006fd4b000 	C:\Program Files\Android\Android Studio\jre\jre\bin\server\jvm.dll
0x00007ffc5c600000 - 0x00007ffc5c608000 	C:\WINDOWS\System32\PSAPI.DLL
0x00007ffc3de90000 - 0x00007ffc3deb7000 	C:\WINDOWS\SYSTEM32\WINMM.dll
0x00007ffc4ff30000 - 0x00007ffc4ff3a000 	C:\WINDOWS\SYSTEM32\VERSION.dll
0x00007ffc38460000 - 0x00007ffc38469000 	C:\WINDOWS\SYSTEM32\WSOCK32.dll
0x00007ffc5b650000 - 0x00007ffc5b6bb000 	C:\WINDOWS\System32\WS2_32.dll
0x00007ffc50dd0000 - 0x00007ffc50ddf000 	C:\Program Files\Android\Android Studio\jre\jre\bin\verify.dll
0x00007ffc50440000 - 0x00007ffc50469000 	C:\Program Files\Android\Android Studio\jre\jre\bin\java.dll
0x00007ffc50db0000 - 0x00007ffc50dc6000 	C:\Program Files\Android\Android Studio\jre\jre\bin\zip.dll
0x00007ffc5bec0000 - 0x00007ffc5c5ff000 	C:\WINDOWS\System32\SHELL32.dll
0x00007ffc58310000 - 0x00007ffc58aa0000 	C:\WINDOWS\SYSTEM32\windows.storage.dll
0x00007ffc5c610000 - 0x00007ffc5c965000 	C:\WINDOWS\System32\combase.dll
0x00007ffc59e90000 - 0x00007ffc59ebc000 	C:\WINDOWS\SYSTEM32\Wldp.dll
0x00007ffc5cbe0000 - 0x00007ffc5cc8e000 	C:\WINDOWS\System32\SHCORE.dll
0x00007ffc5be60000 - 0x00007ffc5beb5000 	C:\WINDOWS\System32\shlwapi.dll
0x00007ffc5a440000 - 0x00007ffc5a45f000 	C:\WINDOWS\SYSTEM32\profapi.dll
0x00007ffc4e660000 - 0x00007ffc4e67a000 	C:\Program Files\Android\Android Studio\jre\jre\bin\net.dll
0x00007ffc59bf0000 - 0x00007ffc59c5a000 	C:\WINDOWS\system32\mswsock.dll
0x00007ffc4e5d0000 - 0x00007ffc4e5e3000 	C:\Program Files\Android\Android Studio\jre\jre\bin\nio.dll
0x00007ffc501b0000 - 0x00007ffc501d7000 	C:\Users\Admin\.gradle\native\f6784746aeab05261644944871eae4fe03e0ef1612fff0a4a95f87b438bc6780\windows-amd64\native-platform.dll
0x00007ffc503d0000 - 0x00007ffc503dd000 	C:\Program Files\Android\Android Studio\jre\jre\bin\management.dll
0x00007ffc59de0000 - 0x00007ffc59df8000 	C:\WINDOWS\SYSTEM32\CRYPTSP.dll
0x00007ffc59570000 - 0x00007ffc595a4000 	C:\WINDOWS\system32\rsaenh.dll
0x00007ffc5abe0000 - 0x00007ffc5ac07000 	C:\WINDOWS\System32\bcrypt.dll
0x00007ffc5a370000 - 0x00007ffc5a39e000 	C:\WINDOWS\SYSTEM32\USERENV.dll
0x00007ffc5ada0000 - 0x00007ffc5ae23000 	C:\WINDOWS\System32\bcryptprimitives.dll
0x00007ffc59e00000 - 0x00007ffc59e0c000 	C:\WINDOWS\SYSTEM32\CRYPTBASE.dll
0x00007ffc598e0000 - 0x00007ffc5991b000 	C:\WINDOWS\SYSTEM32\IPHLPAPI.DLL
0x00007ffc5cc90000 - 0x00007ffc5cc98000 	C:\WINDOWS\System32\NSI.dll
0x00007ffc54d10000 - 0x00007ffc54d27000 	C:\WINDOWS\SYSTEM32\dhcpcsvc6.DLL
0x00007ffc54cf0000 - 0x00007ffc54d0d000 	C:\WINDOWS\SYSTEM32\dhcpcsvc.DLL
0x00007ffc59920000 - 0x00007ffc599ec000 	C:\WINDOWS\SYSTEM32\DNSAPI.dll
0x00007ffc4fbd0000 - 0x00007ffc4fbdb000 	C:\WINDOWS\SYSTEM32\WINNSI.DLL

VM Arguments:
jvm_args: -Xmx2048m -Dfile.encoding=UTF-8 -Duser.country=US -Duser.language=en -Duser.variant 
java_command: org.gradle.launcher.daemon.bootstrap.GradleDaemon 6.5
java_class_path (initial): C:\Users\Admin\.gradle\wrapper\dists\gradle-6.5-bin\6nifqtx7604sqp1q6g8wikw7p\gradle-6.5\lib\gradle-launcher-6.5.jar
Launcher Type: SUN_STANDARD

Environment Variables:
USERNAME=Admin
OS=Windows_NT
PROCESSOR_IDENTIFIER=Intel64 Family 6 Model 142 Stepping 11, GenuineIntel



---------------  S Y S T E M  ---------------

OS: Windows 10.0 , 64 bit Build 19041 (10.0.19041.1151)

CPU:total 8 (initial active 8) (4 cores per cpu, 2 threads per core) family 6 model 142 stepping 11, cmov, cx8, fxsr, mmx, sse, sse2, sse3, ssse3, sse4.1, sse4.2, popcnt, avx, avx2, aes, clmul, erms, 3dnowpref, lzcnt, ht, tsc, tscinvbit, bmi1, bmi2, adx

Memory: 4k page, physical 8273204k(567044k free), swap 12369204k(3168k free)

vm_info: OpenJDK 64-Bit Server VM (25.242-b01) for windows-amd64 JRE (1.8.0_242-release-1644-b01), built by "builder" with MS VC++ 10.0 (VS2010)

time: Sat Sep 04 14:50:08 2021
timezone: SE Asia Standard Time
elapsed time: 155 seconds (0d 0h 2m 35s)

