JvmtiExport can_access_local_variables 0
JvmtiExport can_hotswap_or_post_breakpoint 0
JvmtiExport can_post_on_exceptions 0
# 292 ciObject found
ciMethod java/lang/Object <init> ()V 4097 1 3469044 0 0
ciMethod java/lang/Object hashCode ()I 2049 1 256 0 -1
ciMethod java/lang/Object equals (Ljava/lang/Object;)Z 2217 1 56029 0 64
ciMethod java/lang/Object clone ()Ljava/lang/Object; 2049 1 256 0 -1
ciMethod java/lang/String format (Ljava/lang/String;[Ljava/lang/Object;)Ljava/lang/String; 17 1 154 0 -1
ciMethod java/lang/Class isAssignableFrom (Ljava/lang/Class;)Z 2049 1 256 0 -1
ciMethod java/lang/Class isArray ()Z 2049 1 256 0 -1
ciMethod java/lang/Class isAnnotation ()Z 2249 1 7879 0 0
ciMethod java/lang/Class getModifiers ()I 2057 1 257 0 -1
ciMethod java/util/Map get (Ljava/lang/Object;)Ljava/lang/Object; 0 0 1 0 -1
ciMethod java/util/List size ()I 0 0 1 0 -1
ciMethod java/util/List isEmpty ()Z 0 0 1 0 -1
ciMethod java/util/List iterator ()Ljava/util/Iterator; 0 0 1 0 -1
ciMethod java/util/List add (Ljava/lang/Object;)Z 0 0 1 0 -1
ciMethod java/util/List get (I)Ljava/lang/Object; 0 0 1 0 -1
ciMethod java/util/AbstractList <init> ()V 2049 1 165351 0 32
ciMethod java/util/AbstractList get (I)Ljava/lang/Object; 0 0 1 0 -1
ciMethod java/util/AbstractCollection <init> ()V 2217 1 277666 0 32
ciMethod java/util/AbstractCollection size ()I 0 0 1 0 -1
ciMethod java/util/ArrayList <init> (I)V 3281 1 5560 0 320
ciMethod java/util/ArrayList <init> ()V 1529 1 79130 0 -1
ciMethod java/util/ArrayList ensureCapacityInternal (I)V 1825 1 556828 0 -1
ciMethod java/util/ArrayList size ()I 1081 1 135 0 0
ciMethod java/util/ArrayList isEmpty ()Z 2049 1 5389 0 64
ciMethod java/util/ArrayList elementData (I)Ljava/lang/Object; 2361 1 14841 0 0
ciMethod java/util/ArrayList get (I)Ljava/lang/Object; 2041 1 12998 0 128
ciMethod java/util/ArrayList add (Ljava/lang/Object;)Z 1809 1 550902 0 768
ciMethod java/util/ArrayList rangeCheck (I)V 2361 1 14538 0 64
ciMethod java/util/ArrayList iterator ()Ljava/util/Iterator; 2081 1 26036 0 160
ciMethod java/util/ArrayList access$000 (Ljava/util/ArrayList;)I 1145 1 143 0 0
ciMethod java/util/Collections emptyList ()Ljava/util/List; 1065 1 10550 0 0
ciMethod java/util/HashMap hash (Ljava/lang/Object;)I 2145 1 89136 0 160
ciMethod java/util/HashMap get (Ljava/lang/Object;)Ljava/lang/Object; 3073 1 19779 0 672
ciMethod java/util/HashMap getNode (ILjava/lang/Object;)Ljava/util/HashMap$Node; 2161 1 22789 0 0
ciMethod java/util/Objects equals (Ljava/lang/Object;Ljava/lang/Object;)Z 3721 1 16093 0 -1
ciMethod java/util/Iterator hasNext ()Z 0 0 1 0 -1
ciMethod java/util/Iterator next ()Ljava/lang/Object; 0 0 1 0 -1
ciMethod java/util/Arrays equals ([Ljava/lang/Object;[Ljava/lang/Object;)Z 3185 10537 16946 0 -1
ciMethodData java/lang/Object <init> ()V 2 3469068 orig 264 88 29 171 111 0 0 0 0 128 4 168 23 0 0 0 0 32 1 0 0 0 0 0 0 0 0 0 0 0 0 0 0 0 0 0 0 0 0 0 0 0 0 0 0 0 0 0 0 0 0 0 0 0 0 0 0 0 0 0 0 0 0 0 0 0 0 0 0 0 0 0 0 0 0 0 0 0 0 0 0 77 68 79 32 101 120 116 114 97 32 100 97 116 97 32 108 111 99 107 0 0 0 0 0 0 0 0 0 0 0 0 0 0 0 0 0 0 0 0 0 0 0 0 0 0 0 0 0 0 0 0 0 0 0 0 0 0 0 0 0 0 0 0 0 0 0 0 0 0 0 0 0 0 0 0 0 0 0 0 0 0 0 0 0 0 0 0 0 0 0 0 0 0 0 0 0 0 0 0 0 0 0 0 0 1 0 0 0 0 0 0 0 1 0 0 0 0 0 0 0 1 0 0 0 0 0 0 0 0 0 0 0 0 0 0 0 0 2 0 0 81 104 167 1 1 0 0 0 0 0 0 0 0 0 0 0 2 0 0 0 0 0 3 0 1 0 0 0 0 0 0 0 255 255 255 255 0 0 0 0 0 0 0 0 data 0 oops 0
ciMethod java/util/HashMap$TreeNode root ()Ljava/util/HashMap$TreeNode; 0 0 1 0 -1
ciMethod java/util/HashMap$TreeNode find (ILjava/lang/Object;Ljava/lang/Class;)Ljava/util/HashMap$TreeNode; 81 17 503 0 -1
ciMethod java/util/HashMap$TreeNode getTreeNode (ILjava/lang/Object;)Ljava/util/HashMap$TreeNode; 25 1 109 0 0
ciMethodData java/util/HashMap hash (Ljava/lang/Object;)I 2 89136 orig 264 88 29 171 111 0 0 0 0 240 165 182 23 0 0 0 0 176 1 0 0 0 0 0 0 0 0 0 0 0 0 0 0 0 0 0 0 0 0 0 0 0 0 0 0 0 0 0 0 0 0 0 0 0 0 0 0 0 0 0 0 0 0 0 0 0 0 0 0 0 0 0 0 0 0 0 0 0 0 0 0 77 68 79 32 101 120 116 114 97 32 100 97 116 97 32 108 111 99 107 0 0 0 0 0 0 0 0 0 0 0 0 0 0 0 0 0 0 0 0 0 0 0 0 0 0 0 0 0 0 0 0 0 0 0 0 0 0 0 0 0 0 0 0 0 1 0 0 0 0 0 0 0 0 0 0 0 0 0 0 0 0 0 0 0 0 0 0 0 0 0 0 0 0 0 0 0 0 0 0 2 0 0 0 0 17 0 0 0 0 0 0 0 0 0 0 0 0 0 0 0 0 0 0 0 0 0 0 0 0 0 0 0 0 0 0 0 12 1 0 0 33 217 10 0 1 0 0 0 153 213 0 0 0 0 0 0 2 0 0 0 0 0 6 0 2 0 0 0 104 0 0 0 255 255 255 255 7 224 1 0 0 0 0 0 data 13 0x1e007 0x15a93 0x38 0x93 0x50003 0x93 0x48 0x90005 0xcc2e 0x18473750 0x608 0x330b310 0x87b6 oops 2 9 java/security/CodeSource 11 java/lang/String
ciMethod java/util/ArrayList$Itr <init> (Ljava/util/ArrayList;)V 2081 1 27844 0 96
ciMethod java/util/ArrayList$Itr hasNext ()Z 2049 1 142234 0 96
ciMethod java/util/ArrayList$Itr next ()Ljava/lang/Object; 3081 1 5569 0 224
ciMethod java/util/ArrayList$Itr checkForComodification ()V 3081 1 5641 0 -1
ciMethodData java/util/HashMap getNode (ILjava/lang/Object;)Ljava/util/HashMap$Node; 2 22789 orig 264 88 29 171 111 0 0 0 0 160 175 182 23 0 0 0 0 8 4 0 0 96 1 0 0 0 0 0 0 0 0 0 0 0 0 0 0 0 0 0 0 0 0 0 0 0 0 0 0 0 0 0 0 0 0 0 0 0 0 0 0 0 0 0 0 0 0 0 0 0 0 0 0 0 0 0 0 0 0 0 0 77 68 79 32 101 120 116 114 97 32 100 97 116 97 32 108 111 99 107 0 0 0 0 0 0 0 0 0 0 0 0 0 0 0 0 0 0 0 0 0 0 0 0 0 0 0 0 0 0 0 0 0 0 0 0 0 0 0 0 0 0 0 0 0 3 0 0 0 2 0 0 0 0 0 0 0 0 0 0 0 0 0 0 0 0 0 0 0 0 0 0 0 0 0 0 0 0 0 0 6 0 0 0 0 17 0 0 0 0 0 0 0 0 0 0 0 0 0 0 0 1 0 0 0 0 0 0 0 0 0 0 0 0 0 0 0 14 1 0 0 185 191 2 0 233 42 0 0 155 64 0 0 58 4 0 0 2 0 0 0 2 0 45 0 2 0 0 0 176 2 0 0 255 255 255 255 7 0 6 0 0 0 0 0 data 86 0x60007 0xc07 0x2b0 0x4bf0 0xe0007 0x0 0x290 0x4bf0 0x1c0007 0x1d22 0x270 0x2ece 0x250007 0x1059 0xb0 0x1e75 0x310007 0xf72 0x90 0xf03 0x35e007 0x2 0x70 0xf02 0x3b0005 0x9cd 0x20673d60 0x9a 0x330b310 0x49b 0x3e0007 0x1d1 0x20 0xd31 0x4c0007 0x97b 0x1a0 0x8b1 0x510004 0xfffffffffffff74f 0x2229a440 0x30 0x20673e10 0x79 0x54e007 0x8b1 0x80 0x3 0x590004 0x0 0x20672110 0x3 0x0 0x0 0x5e0005 0x3 0x0 0x0 0x0 0x0 0x680007 0x472 0xb0 0x720 0x740007 0x29b 0x90 0x485 0x780007 0x0 0x70 0x485 0x7e0005 0x380 0x330b310 0xde 0x18473750 0x27 0x81e007 0x124 0x20 0x363 0x8f0007 0x2e1 0xffffffffffffff50 0x2b5 oops 7 26 java/util/jar/Attributes$Name 28 java/lang/String 40 java/util/HashMap$Node 42 java/util/LinkedHashMap$Entry 50 java/util/HashMap$TreeNode 74 java/lang/String 76 java/security/CodeSource
ciMethodData java/lang/Object equals (Ljava/lang/Object;)Z 2 56054 orig 264 88 29 171 111 0 0 0 0 232 6 168 23 0 0 0 0 136 1 0 0 0 0 0 0 0 0 0 0 0 0 0 0 0 0 0 0 0 0 0 0 0 0 0 0 0 0 0 0 0 0 0 0 0 0 0 0 0 0 0 0 0 0 0 0 0 0 0 0 0 0 0 0 0 0 0 0 0 0 0 0 77 68 79 32 101 120 116 114 97 32 100 97 116 97 32 108 111 99 107 0 0 0 0 0 0 0 0 0 0 0 0 0 0 0 0 0 0 0 0 0 0 0 0 0 0 0 0 0 0 0 0 0 0 0 0 0 0 0 0 0 0 0 0 0 0 0 0 0 0 0 0 0 0 0 0 0 0 0 0 0 0 0 0 0 0 0 0 0 0 0 0 0 0 0 0 0 0 0 0 0 0 0 0 0 1 0 0 0 0 0 0 0 0 0 0 0 0 0 0 0 3 0 0 0 0 0 0 0 0 0 0 0 0 0 0 0 21 1 0 0 9 207 6 0 1 0 0 0 0 0 0 0 0 0 0 0 2 0 0 0 0 0 6 0 2 0 0 0 56 0 0 0 255 255 255 255 7 0 2 0 0 0 0 0 data 7 0x20007 0x8f32 0x38 0x4ab8 0x60003 0x4ab8 0x18 oops 0
ciMethodData java/util/AbstractCollection <init> ()V 2 277667 orig 264 88 29 171 111 0 0 0 0 184 144 180 23 0 0 0 0 48 1 0 0 0 0 0 0 0 0 0 0 0 0 0 0 0 0 0 0 0 0 0 0 0 0 0 0 0 0 0 0 0 0 0 0 0 0 0 0 0 0 0 0 0 0 0 0 0 0 0 0 0 0 0 0 0 0 0 0 0 0 0 0 77 68 79 32 101 120 116 114 97 32 100 97 116 97 32 108 111 99 107 0 0 0 0 0 0 0 0 0 0 0 0 0 0 0 0 0 0 0 0 0 0 0 0 0 0 0 0 0 0 0 0 0 0 0 0 0 0 0 0 0 0 0 0 0 0 0 0 0 0 0 0 0 0 0 0 0 0 0 0 0 0 0 0 0 0 0 0 0 0 0 0 0 0 0 0 0 0 0 0 0 0 0 0 0 0 0 0 0 0 0 0 0 0 0 0 0 0 0 0 0 0 0 0 0 0 0 0 0 0 0 0 0 0 0 0 0 21 1 0 0 113 220 33 0 1 0 0 0 0 0 0 0 0 0 0 0 2 0 0 0 0 0 3 0 2 0 0 0 16 0 0 0 255 255 255 255 2 0 1 0 0 0 0 0 data 2 0x10002 0x43ba8 oops 0
ciMethodData java/util/ArrayList add (Ljava/lang/Object;)Z 2 550902 orig 264 88 29 171 111 0 0 0 0 56 34 181 23 0 0 0 0 144 1 0 0 0 0 0 0 0 0 0 0 0 0 0 0 0 0 0 0 0 0 0 0 0 0 0 0 0 0 0 0 0 0 0 0 0 0 0 0 0 0 0 0 0 0 0 0 0 0 0 0 0 0 0 0 0 0 0 0 0 0 0 0 77 68 79 32 101 120 116 114 97 32 100 97 116 97 32 108 111 99 107 0 0 0 0 0 0 0 0 0 0 0 0 0 0 0 0 0 0 0 0 0 0 0 0 0 0 0 0 0 0 0 0 0 0 0 0 0 0 0 0 0 0 0 0 0 0 0 0 0 0 0 0 0 0 0 0 0 0 0 0 0 0 0 0 0 0 0 0 0 0 0 0 0 0 0 0 0 0 0 0 0 0 0 0 0 17 0 0 0 0 0 0 0 0 0 0 0 0 0 0 0 1 0 0 0 0 0 0 0 0 0 0 0 0 0 0 0 226 0 0 0 161 56 67 0 1 0 0 0 0 0 0 0 0 0 0 0 2 0 0 0 0 0 15 0 2 0 0 0 64 0 0 0 255 255 255 255 2 0 7 0 0 0 0 0 data 8 0x70002 0x86715 0x1a0004 0x0 0x2096ed60 0x40 0x18473360 0x263 oops 2 4 java/io/FilePermission 6 java/io/File
ciMethodData java/util/ArrayList get (I)Ljava/lang/Object; 2 12998 orig 264 88 29 171 111 0 0 0 0 224 32 181 23 0 0 0 0 144 1 0 0 0 0 0 0 0 0 0 0 0 0 0 0 0 0 0 0 0 0 0 0 0 0 0 0 0 0 0 0 0 0 0 0 0 0 0 0 0 0 0 0 0 0 0 0 0 0 0 0 0 0 0 0 0 0 0 0 0 0 0 0 77 68 79 32 101 120 116 114 97 32 100 97 116 97 32 108 111 99 107 0 0 0 0 0 0 0 0 0 0 0 0 0 0 0 0 0 0 0 0 0 0 0 0 0 0 0 0 0 0 0 0 0 0 0 0 0 0 0 0 0 0 0 0 0 0 0 0 0 0 0 0 0 0 0 0 0 0 0 0 0 0 0 0 0 0 0 0 0 0 0 0 0 0 0 0 0 0 0 0 0 0 0 0 0 0 0 0 0 0 0 0 0 0 0 0 0 0 0 0 0 0 0 0 0 0 0 0 0 0 0 0 0 0 0 0 0 255 0 0 0 57 142 1 0 1 0 0 0 0 0 0 0 0 0 0 0 2 0 0 0 0 0 6 0 2 0 0 0 64 0 0 0 255 255 255 255 2 0 2 0 0 0 0 0 data 8 0x20002 0x31c7 0x70005 0x0 0x22a5aee0 0x31c7 0x0 0x0 oops 1 4 java/util/ArrayList
ciMethodData java/util/ArrayList rangeCheck (I)V 2 14538 orig 264 88 29 171 111 0 0 0 0 192 41 181 23 0 0 0 0 104 1 0 0 0 0 0 0 0 0 0 0 0 0 0 0 0 0 0 0 0 0 0 0 0 0 0 0 0 0 0 0 0 0 0 0 0 0 0 0 0 0 0 0 0 0 0 0 0 0 0 0 0 0 0 0 0 0 0 0 0 0 0 0 77 68 79 32 101 120 116 114 97 32 100 97 116 97 32 108 111 99 107 0 0 0 0 0 0 0 0 0 0 0 0 0 0 0 0 0 0 0 0 0 0 0 0 0 0 0 0 0 0 0 0 0 0 0 0 0 0 0 0 0 0 0 0 0 0 0 0 0 0 0 0 0 0 0 0 0 0 0 0 0 0 0 0 0 0 0 0 0 0 0 0 0 0 0 0 0 0 0 0 0 0 0 0 0 0 0 0 0 0 0 0 0 0 0 0 0 0 0 0 0 0 0 0 0 0 0 0 0 0 0 0 0 0 0 0 0 39 1 0 0 25 189 1 0 1 0 0 0 0 0 0 0 0 0 0 0 2 0 0 0 0 0 5 0 2 0 0 0 64 0 0 0 255 255 255 255 7 0 5 0 0 0 0 0 data 8 0x50007 0x37a3 0x40 0x0 0xe0002 0x0 0x110002 0x0 oops 0
ciMethodData java/util/ArrayList elementData (I)Ljava/lang/Object; 2 14841 orig 264 88 29 171 111 0 0 0 0 64 32 181 23 0 0 0 0 40 1 0 0 0 0 0 0 0 0 0 0 0 0 0 0 0 0 0 0 0 0 0 0 0 0 0 0 0 0 0 0 0 0 0 0 0 0 0 0 0 0 0 0 0 0 0 0 0 0 0 0 0 0 0 0 0 0 0 0 0 0 0 0 77 68 79 32 101 120 116 114 97 32 100 97 116 97 32 108 111 99 107 0 0 0 0 0 0 0 0 0 0 0 0 0 0 0 0 0 0 0 0 0 0 0 0 0 0 0 0 0 0 0 0 0 0 0 0 0 0 0 0 0 0 0 0 0 0 0 0 0 0 0 0 0 0 0 0 0 0 0 0 0 0 0 0 0 0 0 0 0 0 0 0 0 0 0 0 0 0 0 0 0 0 0 0 0 0 0 0 0 0 0 0 0 0 0 0 0 0 0 0 0 0 0 0 0 0 0 0 0 0 0 0 0 0 0 0 0 39 1 0 0 145 198 1 0 1 0 0 0 0 0 0 0 0 0 0 0 2 0 0 0 0 0 3 0 1 0 0 0 0 0 0 0 255 255 255 255 0 0 0 0 0 0 0 0 data 0 oops 0
ciMethodData java/util/AbstractList <init> ()V 2 165357 orig 264 88 29 171 111 0 0 0 0 24 125 180 23 0 0 0 0 48 1 0 0 0 0 0 0 0 0 0 0 0 0 0 0 0 0 0 0 0 0 0 0 0 0 0 0 0 0 0 0 0 0 0 0 0 0 0 0 0 0 0 0 0 0 0 0 0 0 0 0 0 0 0 0 0 0 0 0 0 0 0 0 77 68 79 32 101 120 116 114 97 32 100 97 116 97 32 108 111 99 107 0 0 0 0 0 0 0 0 0 0 0 0 0 0 0 0 0 0 0 0 0 0 0 0 0 0 0 0 0 0 0 0 0 0 0 0 0 0 0 0 0 0 0 0 0 0 0 0 0 0 0 0 0 0 0 0 0 0 0 0 0 0 0 0 0 0 0 0 0 0 0 0 0 0 0 0 0 0 0 0 0 0 0 0 0 0 0 0 0 0 0 0 0 0 0 0 0 0 0 0 0 0 0 0 0 0 0 0 0 0 0 0 0 0 0 0 0 0 1 0 0 105 39 20 0 1 0 0 0 0 0 0 0 0 0 0 0 2 0 0 0 0 0 3 0 2 0 0 0 16 0 0 0 255 255 255 255 2 0 1 0 0 0 0 0 data 2 0x10002 0x284f2 oops 0
ciMethodData java/util/ArrayList$Itr hasNext ()Z 2 142234 orig 264 88 29 171 111 0 0 0 0 32 201 217 23 0 0 0 0 144 1 0 0 0 0 0 0 0 0 0 0 0 0 0 0 0 0 0 0 0 0 0 0 0 0 0 0 0 0 0 0 0 0 0 0 0 0 0 0 0 0 0 0 0 0 0 0 0 0 0 0 0 0 0 0 0 0 0 0 0 0 0 0 77 68 79 32 101 120 116 114 97 32 100 97 116 97 32 108 111 99 107 0 0 0 0 0 0 0 0 0 0 0 0 0 0 0 0 0 0 0 0 0 0 0 0 0 0 0 0 0 0 0 0 0 0 0 0 0 0 0 0 0 0 0 0 0 0 0 0 0 0 0 0 0 0 0 0 0 0 0 0 0 0 0 0 0 0 0 0 0 0 0 0 0 0 0 0 0 0 0 0 0 0 0 0 0 17 0 0 0 0 0 0 0 0 0 0 0 0 0 0 0 1 0 0 0 0 0 0 0 0 0 0 0 0 0 0 0 0 1 0 0 209 84 17 0 1 0 0 0 0 0 0 0 0 0 0 0 2 0 0 0 0 0 6 0 2 0 0 0 72 0 0 0 255 255 255 255 2 0 8 0 0 0 0 0 data 9 0x80002 0x22a9a 0xb0007 0x551c 0x38 0x1d57e 0xf0003 0x1d57e 0x18 oops 0
ciMethodData java/util/HashMap get (Ljava/lang/Object;)Ljava/lang/Object; 2 19779 orig 264 88 29 171 111 0 0 0 0 112 174 182 23 0 0 0 0 200 1 0 0 0 0 0 0 0 0 0 0 0 0 0 0 0 0 0 0 0 0 0 0 0 0 0 0 0 0 0 0 0 0 0 0 0 0 0 0 0 0 0 0 0 0 0 0 0 0 0 0 0 0 0 0 0 0 0 0 0 0 0 0 77 68 79 32 101 120 116 114 97 32 100 97 116 97 32 108 111 99 107 0 0 0 0 0 0 0 0 0 0 0 0 0 0 0 0 0 0 0 0 0 0 0 0 0 0 0 0 0 0 0 0 0 0 0 0 0 0 0 0 0 0 0 0 0 2 0 0 0 0 0 0 0 0 0 0 0 0 0 0 0 0 0 0 0 0 0 0 0 0 0 0 0 0 0 0 0 0 0 0 0 0 0 0 0 17 0 0 0 0 0 0 0 0 0 0 0 0 0 0 0 1 0 0 0 0 0 0 0 0 0 0 0 0 0 0 0 128 1 0 0 25 94 2 0 1 0 0 0 253 73 0 0 0 0 0 0 2 0 0 0 0 0 10 0 2 0 0 0 120 0 0 0 255 255 255 255 2 0 2 0 0 0 0 0 data 15 0x20002 0x4bc3 0x60005 0x29f 0x22298b70 0x4926 0x0 0x0 0xb0007 0x2b1d 0x38 0x20a9 0xf0003 0x20a9 0x18 oops 1 4 java/util/HashMap
ciMethodData java/util/ArrayList iterator ()Ljava/util/Iterator; 2 26036 orig 264 88 29 171 111 0 0 0 0 248 49 181 23 0 0 0 0 48 1 0 0 0 0 0 0 0 0 0 0 0 0 0 0 0 0 0 0 0 0 0 0 0 0 0 0 0 0 0 0 0 0 0 0 0 0 0 0 0 0 0 0 0 0 0 0 0 0 0 0 0 0 0 0 0 0 0 0 0 0 0 0 77 68 79 32 101 120 116 114 97 32 100 97 116 97 32 108 111 99 107 0 0 0 0 0 0 0 0 0 0 0 0 0 0 0 0 0 0 0 0 0 0 0 0 0 0 0 0 0 0 0 0 0 0 0 0 0 0 0 0 0 0 0 0 0 0 0 0 0 0 0 0 0 0 0 0 0 0 0 0 0 0 0 0 0 0 0 0 0 0 0 0 0 0 0 0 0 0 0 0 0 0 0 0 0 13 0 0 0 0 0 0 0 0 0 0 0 0 0 0 0 0 0 0 0 0 0 0 0 0 0 0 0 0 0 0 0 4 1 0 0 129 37 3 0 1 0 0 0 0 0 0 0 0 0 0 0 2 0 0 0 0 0 3 0 2 0 0 0 16 0 0 0 255 255 255 255 2 0 5 0 0 0 0 0 data 2 0x50002 0x64b0 oops 0
ciMethodData java/util/ArrayList$Itr <init> (Ljava/util/ArrayList;)V 2 27844 orig 264 88 29 171 111 0 0 0 0 120 200 217 23 0 0 0 0 56 1 0 0 0 0 0 0 0 0 0 0 0 0 0 0 0 0 0 0 0 0 0 0 0 0 0 0 0 0 0 0 0 0 0 0 0 0 0 0 0 0 0 0 0 0 0 0 0 0 0 0 0 0 0 0 0 0 0 0 0 0 0 0 77 68 79 32 101 120 116 114 97 32 100 97 116 97 32 108 111 99 107 0 0 0 0 0 0 0 0 0 0 0 0 0 0 0 0 0 0 0 0 0 0 0 0 0 0 0 0 0 0 0 0 0 0 0 0 0 0 0 0 0 0 0 0 0 0 0 0 0 0 0 0 0 0 0 0 0 0 0 0 0 0 0 0 0 0 0 0 0 0 0 0 0 0 0 0 0 0 0 0 0 0 0 0 0 1 0 0 0 0 0 0 0 0 0 0 0 0 0 0 0 1 0 0 0 0 0 0 0 0 0 0 0 0 0 0 0 4 1 0 0 1 94 3 0 1 0 0 0 0 0 0 0 0 0 0 0 2 0 0 0 0 0 0 0 0 0 0 0 16 0 0 0 255 255 255 255 2 0 6 0 0 0 0 0 data 2 0x60002 0x6bc0 oops 0
ciMethodData java/util/ArrayList$Itr next ()Ljava/lang/Object; 2 5569 orig 264 88 29 171 111 0 0 0 0 0 202 217 23 0 0 0 0 232 1 0 0 96 0 0 0 0 0 0 0 0 0 0 0 0 0 0 0 0 0 0 0 0 0 0 0 0 0 0 0 0 0 0 0 0 0 0 0 0 0 0 0 0 0 0 0 0 0 0 0 0 0 0 0 0 0 0 0 0 0 0 0 77 68 79 32 101 120 116 114 97 32 100 97 116 97 32 108 111 99 107 0 0 0 0 0 0 0 0 0 0 0 0 0 0 0 0 0 0 0 0 0 0 0 0 0 0 0 0 0 0 0 0 0 0 0 0 0 0 0 0 0 0 0 0 0 0 0 0 0 0 0 0 0 0 0 0 0 0 0 0 0 0 0 0 0 0 0 0 0 0 0 0 0 0 0 0 0 0 0 0 0 0 0 0 0 25 0 0 0 0 0 0 0 0 0 0 0 0 0 0 0 1 0 0 0 0 0 0 0 0 0 0 0 0 0 0 0 129 1 0 0 1 162 0 0 1 0 0 0 0 0 0 0 0 0 0 0 2 0 0 0 0 0 10 0 2 0 0 0 160 0 0 0 255 255 255 255 5 0 1 0 0 0 0 0 data 20 0x10005 0x36 0x22a5b1a0 0x140a 0x0 0x0 0xe0002 0x1440 0x110007 0x1440 0x30 0x0 0x180002 0x0 0x270007 0x1440 0x30 0x0 0x2e0002 0x0 oops 1 2 java/util/ArrayList$Itr
ciMethod java/util/Collections$SingletonList size ()I 1545 1 193 0 0
ciMethod java/util/Collections$SingletonList get (I)Ljava/lang/Object; 3177 1 733 0 0
ciMethodData org/gradle/internal/service/DefaultServiceRegistry$FactoryMethodService getParameterTypes ()[Ljava/lang/reflect/Type; 1 653 orig 264 88 29 171 111 0 0 0 0 192 154 242 23 0 0 0 0 120 1 0 0 0 0 0 0 0 0 0 0 0 0 0 0 0 0 0 0 0 0 0 0 0 0 0 0 0 0 0 0 0 0 0 0 0 0 0 0 0 0 0 0 0 0 0 0 0 0 0 0 0 0 0 0 0 0 0 0 0 0 0 0 77 68 79 32 101 120 116 114 97 32 100 97 116 97 32 108 111 99 107 0 0 0 0 0 0 0 0 0 0 0 0 0 0 0 0 0 0 0 0 0 0 0 0 0 0 0 0 0 0 0 0 0 0 0 0 0 0 0 0 0 0 0 0 0 0 0 0 0 0 0 0 0 0 0 0 0 0 0 0 0 0 0 0 0 0 0 0 0 0 0 0 0 0 0 0 0 0 0 0 0 0 0 0 0 0 0 0 0 0 0 0 0 0 0 0 0 0 0 0 0 0 0 0 0 0 0 0 0 0 0 0 0 0 0 0 0 13 1 0 0 1 12 0 0 1 0 0 0 0 0 0 0 0 0 0 0 2 0 0 0 0 0 3 0 2 0 0 0 48 0 0 0 255 255 255 255 5 0 4 0 0 0 0 0 data 6 0x40005 0x0 0x1c804040 0x17d 0x1c8040f0 0x3 oops 2 2 org/gradle/internal/service/ReflectionBasedServiceMethod 4 org/gradle/internal/service/MethodHandleBasedServiceMethod
ciMethod org/gradle/internal/service/DefaultServiceRegistry unwrap (Ljava/lang/reflect/Type;)Ljava/lang/Class; 3105 1 5674 0 224
ciMethod org/gradle/internal/service/DefaultServiceRegistry find (Ljava/lang/reflect/Type;Lorg/gradle/internal/service/ServiceProvider;)Lorg/gradle/internal/service/Service; 2049 1 3098 0 0
ciMethod org/gradle/internal/service/DefaultServiceRegistry getFactoryService (Ljava/lang/reflect/Type;Lorg/gradle/internal/service/ServiceProvider;)Lorg/gradle/internal/service/Service; 25 1 16 0 0
ciMethod org/gradle/internal/service/DefaultServiceRegistry getCollectionService (Ljava/lang/reflect/Type;Lorg/gradle/internal/service/ServiceProvider;)Lorg/gradle/internal/service/Service; 65 1 32 0 0
ciMethod org/gradle/internal/service/DefaultServiceRegistry getCollectionService (Ljava/lang/Class;Lorg/gradle/internal/service/ServiceProvider;)Lorg/gradle/internal/service/Service; 337 953 32 0 -1
ciMethod org/gradle/internal/service/DefaultServiceRegistry isSatisfiedBy (Ljava/lang/reflect/Type;Ljava/lang/reflect/Type;)Z 2225 1 3020 0 0
ciMethod org/gradle/internal/service/DefaultServiceRegistry isSatisfiedBy (Ljava/lang/Class;Ljava/lang/reflect/Type;)Z 281 1 411 0 0
ciMethod org/gradle/internal/service/DefaultServiceRegistry isSatisfiedBy (Ljava/lang/reflect/ParameterizedType;Ljava/lang/reflect/Type;)Z 17 9 15 0 0
ciMethod org/gradle/internal/service/DefaultServiceRegistry assertValidServiceType (Ljava/lang/Class;)V 2153 1 4227 0 0
ciMethod org/gradle/internal/service/DefaultServiceRegistry format (Ljava/lang/reflect/Type;)Ljava/lang/String; 0 0 1 0 -1
ciMethod org/gradle/internal/service/DefaultServiceRegistry access$900 (Ljava/lang/reflect/Type;)Ljava/lang/Class; 3137 1 6782 0 224
ciMethod org/gradle/internal/service/DefaultServiceRegistry access$1200 (Ljava/lang/reflect/Type;Ljava/lang/reflect/Type;)Z 2225 1 3002 0 0
ciMethod org/gradle/internal/service/DefaultServiceRegistry access$1300 ()[Lorg/gradle/internal/service/Service; 2057 1 848 0 0
ciMethod org/gradle/internal/service/DefaultServiceRegistry access$1400 (Lorg/gradle/internal/service/DefaultServiceRegistry;)Lorg/gradle/internal/service/ServiceProvider; 65 1 8 0 0
ciMethod org/gradle/internal/service/DefaultServiceRegistry access$1500 (Ljava/lang/reflect/Type;Lorg/gradle/internal/service/ServiceProvider;)Lorg/gradle/internal/service/Service; 2201 1 1950 0 0
ciMethod org/gradle/internal/service/DefaultServiceRegistry access$1600 (Lorg/gradle/internal/service/DefaultServiceRegistry;)Lorg/gradle/internal/service/ServiceProvider; 1025 1 128 0 0
ciMethod org/gradle/internal/service/ServiceProvider getService (Ljava/lang/reflect/Type;)Lorg/gradle/internal/service/Service; 0 0 1 0 -1
ciMethod org/gradle/internal/service/ServiceProvider getFactory (Ljava/lang/Class;)Lorg/gradle/internal/service/Service; 0 0 1 0 -1
ciMethod org/gradle/internal/service/ServiceProvider getAll (Ljava/lang/Class;Lorg/gradle/internal/service/ServiceProvider$Visitor;)Lorg/gradle/internal/service/ServiceProvider$Visitor; 0 0 1 0 -1
ciMethod org/gradle/internal/service/ServiceValidationException <init> (Ljava/lang/String;)V 0 0 1 0 -1
ciMethod org/gradle/internal/service/Service get ()Ljava/lang/Object; 0 0 1 0 -1
ciMethod org/gradle/internal/service/Service requiredBy (Lorg/gradle/internal/service/ServiceProvider;)V 0 0 1 0 -1
ciMethod org/gradle/internal/service/DefaultServiceRegistry$OwnServices getService (Ljava/lang/reflect/Type;)Lorg/gradle/internal/service/Service; 35017 81 7202 0 -1
ciMethod org/gradle/internal/service/DefaultServiceRegistry$OwnServices getProviders (Ljava/lang/Class;)Ljava/util/List; 2057 1 5829 0 0
ciMethod org/gradle/internal/service/ServiceMethod getParameterTypes ()[Ljava/lang/reflect/Type; 0 0 1 0 -1
ciMethod org/gradle/internal/service/DefaultServiceRegistry$FactoryMethodService getParameterTypes ()[Ljava/lang/reflect/Type; 2153 1 653 0 0
ciMethod org/gradle/internal/service/DefaultServiceRegistry$FactoryService getParameterTypes ()[Ljava/lang/reflect/Type; 0 0 1 0 -1
ciMethod org/gradle/internal/service/DefaultServiceRegistry$FactoryService bind ()V 2057 3817 683 0 0
ciMethod org/gradle/internal/service/DefaultServiceRegistry$SingletonService prepare ()Lorg/gradle/internal/service/Service; 2057 1 3642 0 0
ciMethod org/gradle/internal/service/DefaultServiceRegistry$SingletonService bind ()V 865 1 94 0 -1
ciMethod org/gradle/internal/service/DefaultServiceRegistry$SingletonService getService (Ljava/lang/reflect/Type;)Lorg/gradle/internal/service/Service; 2225 1 3002 0 0
ciMethod java/lang/reflect/ParameterizedType getActualTypeArguments ()[Ljava/lang/reflect/Type; 0 0 1 0 -1
ciMethod java/lang/reflect/ParameterizedType getRawType ()Ljava/lang/reflect/Type; 0 0 1 0 -1
ciMethod java/lang/reflect/ParameterizedType getOwnerType ()Ljava/lang/reflect/Type; 0 0 1 0 -1
ciMethod sun/reflect/generics/reflectiveObjects/ParameterizedTypeImpl getActualTypeArguments ()[Ljava/lang/reflect/Type; 2137 1 4444 0 0
ciMethod sun/reflect/generics/reflectiveObjects/ParameterizedTypeImpl getRawType ()Ljava/lang/Class; 1657 1 207 0 0
ciMethod sun/reflect/generics/reflectiveObjects/ParameterizedTypeImpl equals (Ljava/lang/Object;)Z 1825 1 193 0 0
ciMethod sun/reflect/generics/reflectiveObjects/ParameterizedTypeImpl getRawType ()Ljava/lang/reflect/Type; 2057 1 4312 0 0
ciMethod java/lang/reflect/WildcardType getUpperBounds ()[Ljava/lang/reflect/Type; 0 0 1 0 -1
ciMethod java/lang/reflect/WildcardType getLowerBounds ()[Ljava/lang/reflect/Type; 0 0 1 0 -1
ciMethod org/gradle/internal/service/DefaultServiceRegistry$CompositeServiceProvider getService (Ljava/lang/reflect/Type;)Lorg/gradle/internal/service/Service; 3433 1273 5550 0 224
ciMethodData java/util/ArrayList <init> (I)V 2 5560 orig 264 88 29 171 111 0 0 0 0 128 19 181 23 0 0 0 0 128 2 0 0 104 0 0 0 0 0 0 0 0 0 0 0 0 0 0 0 0 0 0 0 0 0 0 0 0 0 0 0 0 0 0 0 0 0 0 0 0 0 0 0 0 0 0 0 0 0 0 0 0 0 0 0 0 0 0 0 0 0 0 0 77 68 79 32 101 120 116 114 97 32 100 97 116 97 32 108 111 99 107 0 0 0 0 0 0 0 0 0 0 0 0 0 0 0 0 0 0 0 0 0 0 0 0 0 0 0 0 0 0 0 0 0 0 0 0 0 0 0 0 0 0 0 0 0 0 0 0 0 0 0 0 0 0 0 0 0 0 0 0 0 0 0 0 0 0 0 0 0 0 0 0 0 0 0 0 0 0 0 0 0 0 0 0 0 0 0 0 0 0 0 0 0 0 0 0 0 0 0 0 0 0 0 0 0 0 0 0 0 0 0 0 0 0 0 0 0 154 1 0 0 241 160 0 0 1 0 0 0 0 0 0 0 0 0 0 0 2 0 0 0 0 0 8 0 2 0 0 0 48 1 0 0 255 255 255 255 2 0 1 0 0 0 0 0 data 38 0x10002 0x141e 0x50007 0x1a1 0x38 0x127d 0x100003 0x127d 0x100 0x140007 0x0 0x38 0x1a1 0x1e0003 0x1a1 0xc8 0x290002 0x0 0x2e0005 0x0 0x0 0x0 0x0 0x0 0x320005 0x0 0x0 0x0 0x0 0x0 0x350005 0x0 0x0 0x0 0x0 0x0 0x380002 0x0 oops 0
ciMethod org/gradle/internal/service/DefaultServiceRegistry$CollectingVisitor <init> (Ljava/util/List;Lorg/gradle/internal/service/DefaultServiceRegistry$1;)V 337 1 32 0 -1
ciMethod org/gradle/internal/service/DefaultServiceRegistry$CollectionService <init> (Ljava/lang/reflect/Type;Ljava/util/List;Ljava/util/List;)V 337 1 32 0 -1
ciMethodData org/gradle/internal/service/DefaultServiceRegistry unwrap (Ljava/lang/reflect/Type;)Ljava/lang/Class; 2 5674 orig 264 88 29 171 111 0 0 0 0 200 30 241 23 0 0 0 0 8 4 0 0 0 2 0 0 0 0 0 0 0 0 0 0 0 0 0 0 0 0 0 0 0 0 0 0 0 0 0 0 0 0 0 0 0 0 0 0 0 0 0 0 0 0 0 0 0 0 0 0 0 0 0 0 0 0 0 0 0 0 0 0 77 68 79 32 101 120 116 114 97 32 100 97 116 97 32 108 111 99 107 0 0 0 0 0 0 0 0 0 0 0 0 0 0 0 0 0 0 0 0 0 0 0 0 0 0 0 0 0 0 0 0 0 0 0 0 0 0 0 0 0 0 0 0 0 0 0 0 0 0 0 0 0 0 0 0 0 0 0 0 0 0 0 0 0 0 0 0 0 0 0 0 0 0 0 0 0 0 0 0 0 0 0 0 0 0 0 0 0 0 0 0 0 0 0 0 0 0 0 0 0 0 0 0 0 0 0 0 0 0 0 0 0 0 0 0 0 132 1 0 0 49 165 0 0 1 0 0 0 0 0 0 0 0 0 0 0 2 0 0 0 0 0 12 0 2 0 0 0 192 2 0 0 255 255 255 255 4 0 1 0 0 0 0 0 data 88 0x10004 0xffffffffffffff94 0x330b3a0 0x143a 0x0 0x0 0x40007 0x6c 0x50 0x143a 0x80004 0x0 0x330b3a0 0x143a 0x0 0x0 0xd0004 0xffffffffffffff94 0x0 0x0 0x0 0x0 0x100007 0x6c 0x180 0x0 0x140004 0x0 0x0 0x0 0x0 0x0 0x190005 0x0 0x0 0x0 0x0 0x0 0x200004 0x0 0x0 0x0 0x0 0x0 0x230007 0x0 0xd0 0x0 0x270005 0x0 0x0 0x0 0x0 0x0 0x2d0007 0x0 0x80 0x0 0x310005 0x0 0x0 0x0 0x0 0x0 0x380004 0x0 0x0 0x0 0x0 0x0 0x3d0004 0x0 0x2482d270 0x6c 0x0 0x0 0x420005 0x0 0x2482d270 0x6c 0x0 0x0 0x470004 0x0 0x330b3a0 0x6c 0x0 0x0 oops 5 2 java/lang/Class 12 java/lang/Class 72 sun/reflect/generics/reflectiveObjects/ParameterizedTypeImpl 78 sun/reflect/generics/reflectiveObjects/ParameterizedTypeImpl 84 java/lang/Class
ciMethodData org/gradle/internal/service/DefaultServiceRegistry access$900 (Ljava/lang/reflect/Type;)Ljava/lang/Class; 2 6782 orig 264 88 29 171 111 0 0 0 0 104 45 241 23 0 0 0 0 88 1 0 0 0 0 0 0 0 0 0 0 0 0 0 0 0 0 0 0 0 0 0 0 0 0 0 0 0 0 0 0 0 0 0 0 0 0 0 0 0 0 0 0 0 0 0 0 0 0 0 0 0 0 0 0 0 0 0 0 0 0 0 0 77 68 79 32 101 120 116 114 97 32 100 97 116 97 32 108 111 99 107 0 0 0 0 0 0 0 0 0 0 0 0 0 0 0 0 0 0 0 0 0 0 0 0 0 0 0 0 0 0 0 0 0 0 0 0 0 0 0 0 0 0 0 0 0 0 0 0 0 0 0 0 0 0 0 0 0 0 0 0 0 0 0 0 0 0 0 0 0 0 0 0 0 0 0 0 0 0 0 0 0 0 0 0 0 0 0 0 0 0 0 0 0 0 0 0 0 0 0 0 0 0 0 0 0 0 0 0 0 0 0 0 0 0 0 0 0 136 1 0 0 177 199 0 0 1 0 0 0 0 0 0 0 0 0 0 0 2 0 0 0 0 0 3 0 2 0 0 0 16 0 0 0 255 255 255 255 2 0 1 0 0 0 0 0 data 2 0x10002 0x18f6 oops 0
ciMethodData java/util/ArrayList isEmpty ()Z 2 5389 orig 264 88 29 171 111 0 0 0 0 16 27 181 23 0 0 0 0 88 1 0 0 0 0 0 0 0 0 0 0 0 0 0 0 0 0 0 0 0 0 0 0 0 0 0 0 0 0 0 0 0 0 0 0 0 0 0 0 0 0 0 0 0 0 0 0 0 0 0 0 0 0 0 0 0 0 0 0 0 0 0 0 77 68 79 32 101 120 116 114 97 32 100 97 116 97 32 108 111 99 107 0 0 0 0 0 0 0 0 0 0 0 0 0 0 0 0 0 0 0 0 0 0 0 0 0 0 0 0 0 0 0 0 0 0 0 0 0 0 0 0 0 0 0 0 0 0 0 0 0 0 0 0 0 0 0 0 0 0 0 0 0 0 0 0 0 0 0 0 0 0 0 0 0 0 0 0 0 0 0 0 0 0 0 0 0 0 0 0 0 0 0 0 0 0 0 0 0 0 0 0 0 0 0 0 0 0 0 0 0 0 0 0 0 0 0 0 0 0 1 0 0 105 160 0 0 1 0 0 0 0 0 0 0 0 0 0 0 2 0 0 0 0 0 6 0 2 0 0 0 56 0 0 0 255 255 255 255 7 0 4 0 0 0 0 0 data 7 0x40007 0xbd3 0x38 0x83a 0x80003 0x83a 0x18 oops 0
ciMethodData org/gradle/internal/service/DefaultServiceRegistry$SingletonService prepare ()Lorg/gradle/internal/service/Service; 2 3642 orig 264 88 29 171 111 0 0 0 0 232 183 242 23 0 0 0 0 0 3 0 0 64 1 0 0 0 0 0 0 0 0 0 0 0 0 0 0 0 0 0 0 0 0 0 0 0 0 0 0 0 0 0 0 0 0 0 0 0 0 0 0 0 0 0 0 0 0 0 0 0 0 0 0 0 0 0 0 0 0 0 0 77 68 79 32 101 120 116 114 97 32 100 97 116 97 32 108 111 99 107 0 0 0 0 0 0 0 0 0 0 0 0 0 0 0 0 0 0 0 0 0 0 0 0 0 0 0 0 0 0 0 0 0 0 0 0 0 0 0 0 0 0 0 0 0 0 0 0 0 0 0 0 0 0 0 0 0 0 0 0 0 0 0 0 0 0 0 0 0 0 0 0 0 0 0 0 0 0 0 0 0 0 0 0 0 0 0 0 0 0 0 0 0 0 0 0 0 0 0 0 0 0 0 0 0 0 0 0 0 0 0 0 0 0 0 0 0 1 1 0 0 201 105 0 0 1 0 0 0 0 0 0 0 0 0 0 0 2 0 0 0 0 0 17 0 2 0 0 0 184 1 0 0 255 255 255 255 7 0 7 0 0 0 0 0 data 55 0x70007 0x293 0x20 0xaa6 0x170007 0x293 0x130 0x0 0x220002 0x0 0x270005 0x0 0x0 0x0 0x0 0x0 0x2b0005 0x0 0x0 0x0 0x0 0x0 0x2e0005 0x0 0x0 0x0 0x0 0x0 0x330005 0x0 0x0 0x0 0x0 0x0 0x360005 0x0 0x0 0x0 0x0 0x0 0x390002 0x0 0x440007 0x0 0x68 0x293 0x4f0005 0x23 0x22a5b040 0x23e 0x22a5b0f0 0x32 0x590003 0x293 0x18 oops 2 48 org/gradle/internal/service/DefaultServiceRegistry$FactoryMethodService 50 org/gradle/internal/service/DefaultServiceRegistry$FixedInstanceService
ciMethodData java/util/Collections emptyList ()Ljava/util/List; 2 10556 orig 264 88 29 171 111 0 0 0 0 56 140 181 23 0 0 0 0 24 1 0 0 0 0 0 0 0 0 0 0 0 0 0 0 0 0 0 0 0 0 0 0 0 0 0 0 0 0 0 0 0 0 0 0 0 0 0 0 0 0 0 0 0 0 0 0 0 0 0 0 0 0 0 0 0 0 0 0 0 0 0 0 77 68 79 32 101 120 116 114 97 32 100 97 116 97 32 108 111 99 107 0 0 0 0 0 0 0 0 0 0 0 0 0 0 0 0 0 0 0 0 0 0 0 0 0 0 0 0 0 0 0 0 0 0 0 0 0 0 0 0 0 0 0 0 0 0 0 0 0 0 0 0 0 0 0 0 0 0 0 0 0 0 0 0 0 0 0 0 0 0 0 0 0 0 0 0 0 0 0 0 0 0 0 0 0 0 0 0 0 0 0 0 0 0 0 0 0 0 0 0 0 0 0 0 0 0 0 0 0 0 0 0 0 0 0 0 0 133 0 0 0 185 69 1 0 1 0 0 0 0 0 0 0 0 0 0 0 2 0 0 0 0 0 3 0 1 0 0 0 0 0 0 0 255 255 255 255 0 0 0 0 0 0 0 0 data 0 oops 0
ciMethodData java/lang/Class isAnnotation ()Z 2 7879 orig 264 88 29 171 111 0 0 0 0 40 199 168 23 0 0 0 0 176 1 0 0 0 0 0 0 0 0 0 0 0 0 0 0 0 0 0 0 0 0 0 0 0 0 0 0 0 0 0 0 0 0 0 0 0 0 0 0 0 0 0 0 0 0 0 0 0 0 0 0 0 0 0 0 0 0 0 0 0 0 0 0 77 68 79 32 101 120 116 114 97 32 100 97 116 97 32 108 111 99 107 0 0 0 0 0 0 0 0 0 0 0 0 0 0 0 0 0 0 0 0 0 0 0 0 0 0 0 0 0 0 0 0 0 0 0 0 0 0 0 0 0 0 0 0 0 0 0 0 0 0 0 0 0 0 0 0 0 0 0 0 0 0 0 0 0 0 0 0 0 0 0 0 0 0 0 0 0 0 0 0 0 0 0 0 0 0 0 0 0 0 0 0 0 0 0 0 0 0 0 0 0 0 0 0 0 0 0 0 0 0 0 0 0 0 0 0 0 25 1 0 0 113 237 0 0 1 0 0 0 0 0 0 0 0 0 0 0 2 0 0 0 0 0 6 0 2 0 0 0 104 0 0 0 255 255 255 255 5 0 1 0 0 0 0 0 data 13 0x10005 0x0 0x330b3a0 0x1dae 0x0 0x0 0x80007 0x1415 0x38 0x999 0xc0003 0x999 0x18 oops 1 2 java/lang/Class
ciMethodData org/gradle/internal/service/DefaultServiceRegistry$OwnServices getProviders (Ljava/lang/Class;)Ljava/util/List; 2 5829 orig 264 88 29 171 111 0 0 0 0 208 142 241 23 0 0 0 0 248 1 0 0 0 0 0 0 0 0 0 0 0 0 0 0 0 0 0 0 0 0 0 0 0 0 0 0 0 0 0 0 0 0 0 0 0 0 0 0 0 0 0 0 0 0 0 0 0 0 0 0 0 0 0 0 0 0 0 0 0 0 0 0 77 68 79 32 101 120 116 114 97 32 100 97 116 97 32 108 111 99 107 0 0 0 0 0 0 0 0 0 0 0 0 0 0 0 0 0 0 0 0 0 0 0 0 0 0 0 0 0 0 0 0 0 0 0 0 0 0 0 0 0 0 0 0 0 0 0 0 0 0 0 0 0 0 0 0 0 0 0 0 0 0 0 0 0 0 0 0 0 0 0 0 0 0 0 0 0 0 0 0 0 0 0 0 0 0 0 0 0 0 0 0 0 0 0 0 0 0 0 0 0 0 0 0 0 0 0 0 0 0 0 0 0 0 0 0 0 1 1 0 0 33 174 0 0 1 0 0 0 0 0 0 0 0 0 0 0 2 0 0 0 0 0 6 0 2 0 0 0 168 0 0 0 255 255 255 255 5 0 5 0 0 0 0 0 data 21 0x50005 0x0 0x22298b70 0x15c4 0x0 0x0 0xa0104 0x0 0x22a5aee0 0x7f4 0x22a5af90 0x1b 0xf0007 0x80f 0x48 0xdb5 0x120002 0xdb5 0x150003 0xdb5 0x18 oops 3 2 java/util/HashMap 8 java/util/ArrayList 10 java/util/Collections$SingletonList
ciMethodData org/gradle/internal/service/DefaultServiceRegistry$OwnServices getService (Ljava/lang/reflect/Type;)Lorg/gradle/internal/service/Service; 2 7202 orig 264 88 29 171 111 0 0 0 0 200 141 241 23 0 0 0 0 24 9 0 0 48 6 0 0 0 0 0 0 0 0 0 0 0 0 0 0 0 0 0 0 0 0 0 0 0 0 0 0 0 0 0 0 0 0 0 0 0 0 0 0 0 0 0 0 0 0 0 0 0 0 0 0 0 0 0 0 0 0 0 0 77 68 79 32 101 120 116 114 97 32 100 97 116 97 32 108 111 99 107 0 0 0 0 0 0 0 0 0 0 0 0 0 0 0 0 0 0 0 0 0 0 0 0 0 0 0 0 0 0 0 0 0 0 0 0 0 0 0 0 0 0 0 0 0 0 0 0 0 0 0 0 0 0 0 0 0 0 0 0 0 0 0 0 0 0 0 0 0 0 0 0 0 0 0 0 0 0 0 0 0 0 0 0 0 0 0 0 0 0 0 0 0 0 0 0 0 0 0 0 0 0 0 0 0 0 0 0 0 0 0 0 0 0 0 0 0 38 1 0 0 57 160 0 0 113 0 0 0 0 0 0 0 0 0 0 0 2 0 0 0 3 0 34 0 2 0 0 0 200 7 0 0 255 255 255 255 2 0 2 0 0 0 0 0 data 249 0x20002 0x1407 0x50002 0x1407 0xa0005 0x19 0x22a5ae30 0xcad 0x22a5aee0 0x741 0xf0007 0x75a 0x20 0xcad 0x150005 0x0 0x22a5aee0 0x741 0x22a5af90 0x19 0x1b0007 0x7 0xb0 0x753 0x200005 0x0 0x22a5aee0 0x73a 0x22a5af90 0x19 0x250004 0x0 0x22a5b040 0x677 0x22a5b0f0 0x7d 0x290005 0x5f 0x22a5b040 0x677 0x22a5b0f0 0x7d 0x340005 0x0 0x22a5aee0 0x7 0x0 0x0 0x390002 0x7 0x3e0005 0x0 0x22a5aee0 0x7 0x0 0x0 0x470005 0x0 0x22a5b1a0 0x15 0x0 0x0 0x4c0007 0x7 0x118 0xe 0x510005 0x0 0x22a5b1a0 0xe 0x0 0x0 0x560004 0x0 0x22a5b040 0xe 0x0 0x0 0x5e0005 0x0 0x22a5b040 0xe 0x0 0x0 0x670007 0x7 0x50 0x7 0x6d0005 0x0 0x22a5aee0 0x7 0x0 0x0 0x730003 0xe 0xfffffffffffffed0 0x770005 0x0 0x22a5aee0 0x7 0x0 0x0 0x7c0007 0x7 0x20 0x0 0x820005 0x0 0x22a5aee0 0x7 0x0 0x0 0x880007 0x0 0x80 0x7 0x8d0005 0x0 0x22a5aee0 0x7 0x0 0x0 0x920004 0x0 0x22a5b040 0x7 0x0 0x0 0x9a0002 0x0 0xa00005 0x0 0x0 0x0 0x0 0x0 0xa90005 0x0 0x0 0x0 0x0 0x0 0xae0007 0x0 0xf8 0x0 0xb30005 0x0 0x0 0x0 0x0 0x0 0xb80004 0x0 0x0 0x0 0x0 0x0 0xc10005 0x0 0x0 0x0 0x0 0x0 0xc60005 0x0 0x0 0x0 0x0 0x0 0xcc0003 0x0 0xfffffffffffffef0 0xd30002 0x0 0xe30002 0x0 0xe60004 0x0 0x0 0x0 0x0 0x0 0xed0002 0x0 0xf00004 0x0 0x0 0x0 0x0 0x0 0xf10005 0x0 0x0 0x0 0x0 0x0 0xf70005 0x0 0x0 0x0 0x0 0x0 0x1000005 0x0 0x0 0x0 0x0 0x0 0x1050007 0x0 0xf8 0x0 0x10a0005 0x0 0x0 0x0 0x0 0x0 0x10f0004 0x0 0x0 0x0 0x0 0x0 0x1200004 0x0 0x0 0x0 0x0 0x0 0x1210005 0x0 0x0 0x0 0x0 0x0 0x1250003 0x0 0xfffffffffffffef0 0x12e0005 0x0 0x0 0x0 0x0 0x0 0x1310002 0x0 oops 21 6 java/util/Collections$EmptyList 8 java/util/ArrayList 16 java/util/ArrayList 18 java/util/Collections$SingletonList 26 java/util/ArrayList 28 java/util/Collections$SingletonList 32 org/gradle/internal/service/DefaultServiceRegistry$FactoryMethodService 34 org/gradle/internal/service/DefaultServiceRegistry$FixedInstanceService 38 org/gradle/internal/service/DefaultServiceRegistry$FactoryMethodService